"../../../../../UnrealProject/TecentCourse_2/Content/BP_Lobby.uasset" 0
"../../../../../UnrealProject/TecentCourse_2/Content/Geometry/Meshes/CubeMaterial.uasset" 1
"../../../../../UnrealProject/TecentCourse_2/Content/Geometry/Meshes/1M_Cube.uasset" 2
"../../../../../UnrealProject/TecentCourse_2/Content/BP_Target.uasset" 3
"../../../../../UnrealProject/TecentCourse_2/Content/BP_TargetSpawner.uasset" 4
"../../../Engine/Content/Animation/DefaultAnimBoneCompressionSettings.uasset" 5
"../../../../../UnrealProject/TecentCourse_2/Content/AnimStarterPack/UE4_Mannequin/Mesh/UE4_Mannequin_Skeleton.uasset" 6
"../../../../../UnrealProject/TecentCourse_2/Content/AnimStarterPack/Idle_Rifle_Hip.uasset" 7
"../../../../../UnrealProject/TecentCourse_2/Content/AnimStarterPack/Anim/Aim_Center_UP.uasset" 8
"../../../../../UnrealProject/TecentCourse_2/Content/AnimStarterPack/Anim/Aim_Left_Center.uasset" 9
"../../../../../UnrealProject/TecentCourse_2/Content/AnimStarterPack/Anim/Aim_Left_Down.uasset" 10
"../../../../../UnrealProject/TecentCourse_2/Content/AnimStarterPack/Anim/Aim_Left_Up.uasset" 11
"../../../../../UnrealProject/TecentCourse_2/Content/AnimStarterPack/Anim/Aim_Right_Center.uasset" 12
"../../../../../UnrealProject/TecentCourse_2/Content/AnimStarterPack/Anim/Aim_Right_Down.uasset" 13
"../../../../../UnrealProject/TecentCourse_2/Content/AnimStarterPack/Anim/Aim_Right_Up.uasset" 14
"../../../../../UnrealProject/TecentCourse_2/Content/AnimStarterPack/Anim/Anim_center.uasset" 15
"../../../../../UnrealProject/TecentCourse_2/Content/AnimStarterPack/Anim/Anim_Center_Down.uasset" 16
"../../../../../UnrealProject/TecentCourse_2/Content/AnimStarterPack/UE4_Mannequin/Mesh/UE4_Mannequin_Skeleton_AimOffset2D.uasset" 17
"../../../../../UnrealProject/TecentCourse_2/Content/AnimStarterPack/19_Frank_Punch_Right_Straight_Inplace.uasset" 18
"../../../../../UnrealProject/TecentCourse_2/Content/Montage/PUnch.uasset" 19
"../../../../../UnrealProject/TecentCourse_2/Content/AnimStarterPack/Death_2.uasset" 20
"../../../../../UnrealProject/TecentCourse_2/Content/AnimStarterPack/Fire_Shotgun_Hip.uasset" 21
"../../../../../UnrealProject/TecentCourse_2/Content/AnimStarterPack/Jump_From_Jog.uasset" 22
"../../../../../UnrealProject/TecentCourse_2/Content/AnimStarterPack/Jump_From_Stand.uasset" 23
"../../../../../UnrealProject/TecentCourse_2/Content/AnimStarterPack/Jog_Bwd_Rifle.uasset" 24
"../../../../../UnrealProject/TecentCourse_2/Content/AnimStarterPack/Jog_Fwd_Rifle.uasset" 25
"../../../../../UnrealProject/TecentCourse_2/Content/AnimStarterPack/Jog_Lt_Rifle.uasset" 26
"../../../../../UnrealProject/TecentCourse_2/Content/AnimStarterPack/Jog_Rt_Rifle.uasset" 27
"../../../../../UnrealProject/TecentCourse_2/Content/AnimStarterPack/BS_Jog.uasset" 28
"../../../../../UnrealProject/TecentCourse_2/Content/AnimBP.uasset" 29
"../../../../../UnrealProject/TecentCourse_2/Content/FPS_Weapon_Bundle/Weapons/Textures/KA74U/T_KA74U_ALB.uasset" 30
"../../../../../UnrealProject/TecentCourse_2/Content/FPS_Weapon_Bundle/Weapons/Textures/KA74U/T_KA74U_M_MSK.uasset" 31
"../../../../../UnrealProject/TecentCourse_2/Content/FPS_Weapon_Bundle/Weapons/Textures/KA74U/T_KA74U_NRM.uasset" 32
"../../../../../UnrealProject/TecentCourse_2/Content/FPS_Weapon_Bundle/Weapons/Textures/Patterns/T_Stripes__Pattern.uasset" 33
"../../../../../UnrealProject/TecentCourse_2/Content/FPS_Weapon_Bundle/Weapons/Materials/Master_Material/M_Weapon_Master_USE.uasset" 34
"../../../../../UnrealProject/TecentCourse_2/Content/FPS_Weapon_Bundle/Weapons/Textures/Ammunition/T_762x39_ALB.uasset" 35
"../../../../../UnrealProject/TecentCourse_2/Content/FPS_Weapon_Bundle/Weapons/Textures/Ammunition/T_762x39_M_MSK.uasset" 36
"../../../../../UnrealProject/TecentCourse_2/Content/FPS_Weapon_Bundle/Weapons/Textures/Ammunition/T_762x39_NRM.uasset" 37
"../../../../../UnrealProject/TecentCourse_2/Content/FPS_Weapon_Bundle/Weapons/Materials/Ammunition/M_762x39_Empty.uasset" 38
"../../../../../UnrealProject/TecentCourse_2/Content/FPS_Weapon_Bundle/Weapons/Textures/KA47/T_KA47_ALB.uasset" 39
"../../../../../UnrealProject/TecentCourse_2/Content/FPS_Weapon_Bundle/Weapons/Textures/KA47/T_KA47_M_MSK.uasset" 40
"../../../../../UnrealProject/TecentCourse_2/Content/FPS_Weapon_Bundle/Weapons/Textures/KA47/T_KA47_NRM.uasset" 41
"../../../../../UnrealProject/TecentCourse_2/Content/FPS_Weapon_Bundle/Weapons/Materials/Ka47/M_KA47.uasset" 42
"../../../../../UnrealProject/TecentCourse_2/Content/FPS_Weapon_Bundle/Weapons/Meshes/Ka47/SK_KA47_Physics.uasset" 43
"../../../../../UnrealProject/TecentCourse_2/Content/FPS_Weapon_Bundle/Weapons/Meshes/Ka47/SK_KA47_Skeleton.uasset" 44
"../../../../../UnrealProject/TecentCourse_2/Content/FPS_Weapon_Bundle/Weapons/Meshes/Ka47/SK_KA47.uasset" 45
"../../../../../UnrealProject/TecentCourse_2/Content/BP_Ak47.uasset" 46
"../../../../../UnrealProject/TecentCourse_2/Content/Geometry/Meshes/1M_Cube_Chamfer.uasset" 47
"../../../../../UnrealProject/TecentCourse_2/Content/BP_TPSProjectile.uasset" 48
"../../../Engine/Content/Functions/Engine_MaterialFunctions02/Utility/BlendAngleCorrectedNormals.uasset" 49
"../../../Engine/Content/Functions/MaterialLayerFunctions/MatLayerBlend_AO.uasset" 50
"../../../Engine/Content/Functions/MaterialLayerFunctions/MatLayerBlend_NormalBlend.uasset" 51
"../../../Engine/Content/Functions/MaterialLayerFunctions/MatLayerBlend_Simple.uasset" 52
"../../../../../UnrealProject/TecentCourse_2/Content/AnimStarterPack/UE4_Mannequin/Materials/MaterialLayers/T_ML_Rubber_Blue_01_D.uasset" 53
"../../../../../UnrealProject/TecentCourse_2/Content/AnimStarterPack/UE4_Mannequin/Materials/MaterialLayers/T_ML_Rubber_Blue_01_N.uasset" 54
"../../../../../UnrealProject/TecentCourse_2/Content/AnimStarterPack/UE4_Mannequin/Materials/MaterialLayers/ML_GlossyBlack_Latex_UE4.uasset" 55
"../../../../../UnrealProject/TecentCourse_2/Content/AnimStarterPack/UE4_Mannequin/Materials/MaterialLayers/ML_Plastic_Shiny_Beige.uasset" 56
"../../../../../UnrealProject/TecentCourse_2/Content/AnimStarterPack/UE4_Mannequin/Textures/UE4_LOGO_CARD.uasset" 57
"../../../../../UnrealProject/TecentCourse_2/Content/AnimStarterPack/UE4_Mannequin/Materials/MaterialLayers/ML_Plastic_Shiny_Beige_LOGO.uasset" 58
"../../../../../UnrealProject/TecentCourse_2/Content/AnimStarterPack/UE4_Mannequin/Materials/MaterialLayers/T_ML_Aluminum01.uasset" 59
"../../../../../UnrealProject/TecentCourse_2/Content/AnimStarterPack/UE4_Mannequin/Materials/MaterialLayers/T_ML_Aluminum01_N.uasset" 60
"../../../../../UnrealProject/TecentCourse_2/Content/AnimStarterPack/UE4_Mannequin/Materials/MaterialLayers/ML_SoftMetal_UE4.uasset" 61
"../../../../../UnrealProject/TecentCourse_2/Content/AnimStarterPack/UE4_Mannequin/Textures/UE4_Mannequin__normals.uasset" 62
"../../../../../UnrealProject/TecentCourse_2/Content/AnimStarterPack/UE4_Mannequin/Textures/UE4_Mannequin_MAT_MASKA.uasset" 63
"../../../../../UnrealProject/TecentCourse_2/Content/AnimStarterPack/UE4_Mannequin/Textures/UE4_Mannequin_occlusion_Mobile.uasset" 64
"../../../../../UnrealProject/TecentCourse_2/Content/AnimStarterPack/UE4_Mannequin/Materials/M_UE4Man_Body.uasset" 65
"../../../../../UnrealProject/TecentCourse_2/Content/AnimStarterPack/UE4_Mannequin/Textures/UE4Man_Logo_N.uasset" 66
"../../../../../UnrealProject/TecentCourse_2/Content/AnimStarterPack/UE4_Mannequin/Materials/M_UE4Man_ChestLogo.uasset" 67
"../../../../../UnrealProject/TecentCourse_2/Content/AnimStarterPack/UE4_Mannequin/Mesh/SK_Mannequin_PhysicsAsset.uasset" 68
"../../../../../UnrealProject/TecentCourse_2/Content/AnimStarterPack/UE4_Mannequin/Mesh/SK_Mannequin.uasset" 69
"../../../../../UnrealProject/TecentCourse_2/Content/WBP_Crosshair.uasset" 70
"../../../../../UnrealProject/TecentCourse_2/Content/Montage/Fire.uasset" 71
"../../../../../UnrealProject/TecentCourse_2/Content/WBP_Score.uasset" 72
"../../../../../UnrealProject/TecentCourse_2/Content/Player.uasset" 73
"../../../../../UnrealProject/TecentCourse_2/Content/AI/Enemy_Character.uasset" 74
"../../../../../UnrealProject/TecentCourse_2/Content/BP_TecentCourse_2Character.uasset" 75
"../../../../../UnrealProject/TecentCourse_2/Content/Gun.uasset" 76
"../../../../../UnrealProject/TecentCourse_2/Content/AnimStarterPack/Crouch_Idle_Rifle_Hip.uasset" 77
"../../../../../UnrealProject/TecentCourse_2/Content/AnimStarterPack/Fire_Rifle_Ironsights.uasset" 78
"../../../../../UnrealProject/TecentCourse_2/Content/AnimStarterPack/Crouch_Walk_Bwd_Rifle_Hip.uasset" 79
"../../../../../UnrealProject/TecentCourse_2/Content/AnimStarterPack/Crouch_Walk_Fwd_Rifle_Hip.uasset" 80
"../../../../../UnrealProject/TecentCourse_2/Content/AnimStarterPack/Crouch_Walk_Lt_Rifle_Hip.uasset" 81
"../../../../../UnrealProject/TecentCourse_2/Content/AnimStarterPack/Crouch_Walk_Rt_Rifle_Hip.uasset" 82
"../../../../../UnrealProject/TecentCourse_2/Content/AnimStarterPack/BS_CrouchWalk.uasset" 83
"../../../../../UnrealProject/TecentCourse_2/Content/AnimStarterPack/Ue4ASP_Character.uasset" 84
"../../../../../UnrealProject/TecentCourse_2/Content/FPS_Weapon_Bundle/Weapons/Textures/AR4/T_AR4_ALB.uasset" 85
"../../../../../UnrealProject/TecentCourse_2/Content/FPS_Weapon_Bundle/Weapons/Textures/AR4/T_AR4_M_MSK.uasset" 86
"../../../../../UnrealProject/TecentCourse_2/Content/FPS_Weapon_Bundle/Weapons/Textures/AR4/T_AR4_NRM.uasset" 87
"../../../../../UnrealProject/TecentCourse_2/Content/FPS_Weapon_Bundle/Weapons/Materials/AR4/M_AR4.uasset" 88
"../../../../../UnrealProject/TecentCourse_2/Content/FPS_Weapon_Bundle/Weapons/Meshes/AR4/SM_AR4_X.uasset" 89
"../../../../../UnrealProject/TecentCourse_2/Content/ThirdPersonCPP/Blueprints/ThirdPersonCharacter.uasset" 90
"../../../../../UnrealProject/TecentCourse_2/Content/AnimStarterPack/UE4ASP_HeroTPP_AnimBlueprint.uasset" 91
"../../../../../UnrealProject/TecentCourse_2/Content/MyThirdPersonAnimBP.uasset" 92
"../../../../../UnrealProject/TecentCourse_2/Content/NewCurveLinearColorAtlas.uasset" 93
"../../../../../UnrealProject/TecentCourse_2/Content/Mannequin/Character/Textures/UE4_LOGO_CARD.uasset" 94
"../../../../../UnrealProject/TecentCourse_2/Content/NewTouchInterface.uasset" 95
"../../../../../UnrealProject/TecentCourse_2/Content/AI/BB_Enemy.uasset" 96
"../../../../../UnrealProject/TecentCourse_2/Content/AnimStarterPack/Death_3.uasset" 97
"../../../../../UnrealProject/TecentCourse_2/Content/AnimStarterPack/Prone_Death_1.uasset" 98
"../../../../../UnrealProject/TecentCourse_2/Content/Montage/Die.uasset" 99
"../../../../../UnrealProject/TecentCourse_2/Content/AI/EnemyCharacter.uasset" 100
"../../../../../UnrealProject/TecentCourse_2/Content/AI/BTT_ChasePlayer.uasset" 101
"../../../Engine/Content/EditorBlueprintResources/StandardMacros.uasset" 102
"../../../../../UnrealProject/TecentCourse_2/Content/Enemy_Player.uasset" 103
"../../../../../UnrealProject/TecentCourse_2/Content/AI/BTT_AkFIndRandomPatrol.uasset" 104
"../../../../../UnrealProject/TecentCourse_2/Content/AI/BTT_EnemyShoot.uasset" 105
"../../../../../UnrealProject/TecentCourse_2/Content/AI/BTT_FindRandomPatrol.uasset" 106
"../../../../../UnrealProject/TecentCourse_2/Content/AI/BT_EnemyAk.uasset" 107
"../../../../../UnrealProject/TecentCourse_2/Content/AI/Enemy_Controller.uasset" 108
"../../../../../UnrealProject/TecentCourse_2/Content/AI/BP_Enemy.uasset" 109
"../../../../../UnrealProject/TecentCourse_2/Content/AI/BT_Enemy.uasset" 110
"../../../../../UnrealProject/TecentCourse_2/Content/AnimStarterPack/Aim_Space_Hip.uasset" 111
"../../../../../UnrealProject/TecentCourse_2/Content/AnimStarterPack/Aim_Space_Ironsights.uasset" 112
"../../../../../UnrealProject/TecentCourse_2/Content/AnimStarterPack/Crouch_to_Stand_Rifle_Hip.uasset" 113
"../../../../../UnrealProject/TecentCourse_2/Content/AnimStarterPack/Crouch_to_Stand_Rifle_Ironsights.uasset" 114
"../../../../../UnrealProject/TecentCourse_2/Content/AnimStarterPack/Crouch_Walk_Bwd_Rifle_Ironsights.uasset" 115
"../../../../../UnrealProject/TecentCourse_2/Content/AnimStarterPack/Crouch_Walk_Lt_Rifle_Ironsights.uasset" 116
"../../../../../UnrealProject/TecentCourse_2/Content/AnimStarterPack/Crouch_Walk_Rt_Rifle_Ironsights.uasset" 117
"../../../../../UnrealProject/TecentCourse_2/Content/AnimStarterPack/Death_1.uasset" 118
"../../../../../UnrealProject/TecentCourse_2/Content/AnimStarterPack/Death_Ironsights_1.uasset" 119
"../../../../../UnrealProject/TecentCourse_2/Content/AnimStarterPack/Death_Ironsights_2.uasset" 120
"../../../../../UnrealProject/TecentCourse_2/Content/AnimStarterPack/Equip_Rifle_Standing.uasset" 121
"../../../../../UnrealProject/TecentCourse_2/Content/AnimStarterPack/Fire_Rifle_Hip.uasset" 122
"../../../../../UnrealProject/TecentCourse_2/Content/AnimStarterPack/Fire_Shotgun_Ironsights.uasset" 123
"../../../../../UnrealProject/TecentCourse_2/Content/AnimStarterPack/Hit_React_4.uasset" 124
"../../../../../UnrealProject/TecentCourse_2/Content/AnimStarterPack/Idle_Pistol.uasset" 125
"../../../../../UnrealProject/TecentCourse_2/Content/AnimStarterPack/Idle_Rifle_Ironsights.uasset" 126
"../../../../../UnrealProject/TecentCourse_2/Content/AnimStarterPack/Jump_From_Stand_Ironsights.uasset" 127
"../../../../../UnrealProject/TecentCourse_2/Content/AnimStarterPack/Prone_Death_2.uasset" 128
"../../../../../UnrealProject/TecentCourse_2/Content/AnimStarterPack/Prone_Fire_1.uasset" 129
"../../../../../UnrealProject/TecentCourse_2/Content/AnimStarterPack/Prone_Fire_2.uasset" 130
"../../../../../UnrealProject/TecentCourse_2/Content/AnimStarterPack/Prone_Idle.uasset" 131
"../../../../../UnrealProject/TecentCourse_2/Content/AnimStarterPack/Prone_Reload_Rifle.uasset" 132
"../../../../../UnrealProject/TecentCourse_2/Content/AnimStarterPack/Prone_Reload_Shotgun.uasset" 133
"../../../../../UnrealProject/TecentCourse_2/Content/AnimStarterPack/Prone_To_Stand.uasset" 134
"../../../../../UnrealProject/TecentCourse_2/Content/AnimStarterPack/Reload_Pistol.uasset" 135
"../../../../../UnrealProject/TecentCourse_2/Content/AnimStarterPack/Reload_Rifle_Ironsights.uasset" 136
"../../../../../UnrealProject/TecentCourse_2/Content/AnimStarterPack/Reload_Shotgun_Hip.uasset" 137
"../../../../../UnrealProject/TecentCourse_2/Content/AnimStarterPack/Reload_Shotgun_Ironsights.uasset" 138
"../../../../../UnrealProject/TecentCourse_2/Content/AnimStarterPack/SK_Mannequin_Skeleton_Sequence.uasset" 139
"../../../../../UnrealProject/TecentCourse_2/Content/AnimStarterPack/Sprint_Fwd_Rifle.uasset" 140
"../../../../../UnrealProject/TecentCourse_2/Content/AnimStarterPack/Stand_to_Crouch_Rifle_Hip.uasset" 141
"../../../../../UnrealProject/TecentCourse_2/Content/AnimStarterPack/Stand_to_Crouch_Rifle_Ironsights.uasset" 142
"../../../../../UnrealProject/TecentCourse_2/Content/AnimStarterPack/Stand_To_Prone.uasset" 143
"../../../../../UnrealProject/TecentCourse_2/Content/AnimStarterPack/Walk_Bwd_Rifle_Ironsights.uasset" 144
"../../../../../UnrealProject/TecentCourse_2/Content/AnimStarterPack/Walk_Lt_Rifle_Ironsights.uasset" 145
"../../../../../UnrealProject/TecentCourse_2/Content/AnimStarterPack/Walk_Rt_Rifle_Ironsights.uasset" 146
"../../../../../UnrealProject/TecentCourse_2/Content/AnimStarterPack/Anim/Aim_Space_Hip.uasset" 147
"../../../../../UnrealProject/TecentCourse_2/Content/FPS_Weapon_Bundle/Weapons/Textures/Accessories/T_V_Grip_ALB.uasset" 148
"../../../../../UnrealProject/TecentCourse_2/Content/FPS_Weapon_Bundle/Weapons/Textures/Accessories/T_V_Grip_M_MSK.uasset" 149
"../../../../../UnrealProject/TecentCourse_2/Content/FPS_Weapon_Bundle/Weapons/Textures/Accessories/T_V_Grip_NRM.uasset" 150
"../../../../../UnrealProject/TecentCourse_2/Content/FPS_Weapon_Bundle/Weapons/Materials/Accessories/M_V_Grip.uasset" 151
"../../../../../UnrealProject/TecentCourse_2/Content/FPS_Weapon_Bundle/Weapons/Materials/Accessories/M_V_Grip_Green.uasset" 152
"../../../../../UnrealProject/TecentCourse_2/Content/FPS_Weapon_Bundle/Weapons/Textures/Patterns/T_Desert_Marpat_Pattern.uasset" 153
"../../../../../UnrealProject/TecentCourse_2/Content/FPS_Weapon_Bundle/Weapons/Materials/AR4/M_AR4_Pattern.uasset" 154
"../../../../../UnrealProject/TecentCourse_2/Content/FPS_Weapon_Bundle/Weapons/Textures/KA47/T_KA47_Gold_ALB.uasset" 155
"../../../../../UnrealProject/TecentCourse_2/Content/FPS_Weapon_Bundle/Weapons/Textures/KA47/T_KA47_Gold_M_MSK.uasset" 156
"../../../../../UnrealProject/TecentCourse_2/Content/FPS_Weapon_Bundle/Weapons/Materials/Ka47/M_KA47_Gold.uasset" 157
"../../../../../UnrealProject/TecentCourse_2/Content/FPS_Weapon_Bundle/Weapons/Materials/Ka47/M_KA47_Pattern.uasset" 158
"../../../../../UnrealProject/TecentCourse_2/Content/FPS_Weapon_Bundle/Weapons/Materials/KA74U/M_KA74U.uasset" 159
"../../../../../UnrealProject/TecentCourse_2/Content/FPS_Weapon_Bundle/Weapons/Textures/KA74U/T_KA74U_Gold_ALB.uasset" 160
"../../../../../UnrealProject/TecentCourse_2/Content/FPS_Weapon_Bundle/Weapons/Textures/KA74U/T_KA74U_Gold_M_MSK.uasset" 161
"../../../../../UnrealProject/TecentCourse_2/Content/FPS_Weapon_Bundle/Weapons/Materials/KA74U/M_KA74U_Gold.uasset" 162
"../../../../../UnrealProject/TecentCourse_2/Content/FPS_Weapon_Bundle/Weapons/Textures/Patterns/T_LeafSpray_Pattern.uasset" 163
"../../../../../UnrealProject/TecentCourse_2/Content/FPS_Weapon_Bundle/Weapons/Materials/KA74U/M_KA74U_LeafSpray.uasset" 164
"../../../../../UnrealProject/TecentCourse_2/Content/FPS_Weapon_Bundle/Weapons/Textures/KA_Val/T_KA_Val_ALB.uasset" 165
"../../../../../UnrealProject/TecentCourse_2/Content/FPS_Weapon_Bundle/Weapons/Textures/KA_Val/T_KA_Val_M_MSK.uasset" 166
"../../../../../UnrealProject/TecentCourse_2/Content/FPS_Weapon_Bundle/Weapons/Textures/KA_Val/T_KA_Val_NRM.uasset" 167
"../../../../../UnrealProject/TecentCourse_2/Content/FPS_Weapon_Bundle/Weapons/Materials/KA_Val/M_KA_Val.uasset" 168
"../../../../../UnrealProject/TecentCourse_2/Content/FPS_Weapon_Bundle/Weapons/Textures/KA_Val/T_KA_Val_Black_ALB.uasset" 169
"../../../../../UnrealProject/TecentCourse_2/Content/FPS_Weapon_Bundle/Weapons/Materials/KA_Val/M_KA_Val_Black.uasset" 170
"../../../../../UnrealProject/TecentCourse_2/Content/FPS_Weapon_Bundle/Weapons/Textures/Patterns/T_Wood_Marpat_Pattern.uasset" 171
"../../../../../UnrealProject/TecentCourse_2/Content/FPS_Weapon_Bundle/Weapons/Materials/KA_Val/M_KA_Val_Black_Camo.uasset" 172
"../../../../../UnrealProject/TecentCourse_2/Content/FPS_Weapon_Bundle/Weapons/Materials/KA_Val/M_KA_Val_Black_Striped.uasset" 173
"../../../../../UnrealProject/TecentCourse_2/Content/FPS_Weapon_Bundle/Weapons/Textures/RDS/T_RDS_01.uasset" 174
"../../../../../UnrealProject/TecentCourse_2/Content/FPS_Weapon_Bundle/Weapons/Materials/Master_Material/M_RDS_Master.uasset" 175
"../../../../../UnrealProject/TecentCourse_2/Content/FPS_Weapon_Bundle/Weapons/Materials/RDS/M_RDS_01.uasset" 176
"../../../../../UnrealProject/TecentCourse_2/Content/FPS_Weapon_Bundle/Weapons/Textures/RDS/T_RDS_02.uasset" 177
"../../../../../UnrealProject/TecentCourse_2/Content/FPS_Weapon_Bundle/Weapons/Materials/RDS/M_RDS_02.uasset" 178
"../../../../../UnrealProject/TecentCourse_2/Content/FPS_Weapon_Bundle/Weapons/Textures/RDS/T_RDS_03.uasset" 179
"../../../../../UnrealProject/TecentCourse_2/Content/FPS_Weapon_Bundle/Weapons/Materials/RDS/M_RDS_03.uasset" 180
"../../../../../UnrealProject/TecentCourse_2/Content/FPS_Weapon_Bundle/Weapons/Textures/SMG11/T_SMG11_ALB.uasset" 181
"../../../../../UnrealProject/TecentCourse_2/Content/FPS_Weapon_Bundle/Weapons/Textures/SMG11/T_SMG11_M_MSK.uasset" 182
"../../../../../UnrealProject/TecentCourse_2/Content/FPS_Weapon_Bundle/Weapons/Textures/SMG11/T_SMG11_NRM.uasset" 183
"../../../../../UnrealProject/TecentCourse_2/Content/FPS_Weapon_Bundle/Weapons/Materials/SMG11/M_SMG11.uasset" 184
"../../../../../UnrealProject/TecentCourse_2/Content/FPS_Weapon_Bundle/Weapons/Textures/Patterns/T_Urban_Marpat_Pattern.uasset" 185
"../../../../../UnrealProject/TecentCourse_2/Content/FPS_Weapon_Bundle/Weapons/Materials/SMG11/M_SMG11_Camo.uasset" 186
"../../../../../UnrealProject/TecentCourse_2/Content/FPS_Weapon_Bundle/Weapons/Materials/SMG11/M_SMG11_Color.uasset" 187
"../../../../../UnrealProject/TecentCourse_2/Content/FPS_Weapon_Bundle/Weapons/Textures/Accessories/T_Scope_25x56_ALB.uasset" 188
"../../../../../UnrealProject/TecentCourse_2/Content/FPS_Weapon_Bundle/Weapons/Textures/Accessories/T_Scope_25x56_M_MSK.uasset" 189
"../../../../../UnrealProject/TecentCourse_2/Content/FPS_Weapon_Bundle/Weapons/Textures/Accessories/T_Scope_25x56_NRM.uasset" 190
"../../../../../UnrealProject/TecentCourse_2/Content/FPS_Weapon_Bundle/Weapons/Materials/Accessories/M_Scope_25x56.uasset" 191
"../../../../../UnrealProject/TecentCourse_2/Content/FPS_Weapon_Bundle/Weapons/Textures/Accessories/T_Scope_25x56_Lens_ALB.uasset" 192
"../../../../../UnrealProject/TecentCourse_2/Content/FPS_Weapon_Bundle/Weapons/Textures/Accessories/T_Scope_25x56_Lens_M_MSK.uasset" 193
"../../../../../UnrealProject/TecentCourse_2/Content/FPS_Weapon_Bundle/Weapons/Materials/Master_Material/M_Scope_Lens_MASTER.uasset" 194
"../../../../../UnrealProject/TecentCourse_2/Content/FPS_Weapon_Bundle/Weapons/Materials/Accessories/M_Scope_25x56_Lens.uasset" 195
"../../../../../UnrealProject/TecentCourse_2/Content/FPS_Weapon_Bundle/Weapons/Meshes/Accessories/SM_Scope_25x56_X.uasset" 196
"../../../../../UnrealProject/TecentCourse_2/Content/FPS_Weapon_Bundle/Weapons/Meshes/AR4/SK_AR4_X_Physics.uasset" 197
"../../../../../UnrealProject/TecentCourse_2/Content/FPS_Weapon_Bundle/Weapons/Meshes/AR4/SK_AR4_X_Skeleton.uasset" 198
"../../../../../UnrealProject/TecentCourse_2/Content/FPS_Weapon_Bundle/Weapons/Meshes/AR4/SK_AR4_X.uasset" 199
"../../../../../UnrealProject/TecentCourse_2/Content/FPS_Weapon_Bundle/Weapons/Meshes/AR4/SM_AR4.uasset" 200
"../../../../../UnrealProject/TecentCourse_2/Content/FPS_Weapon_Bundle/Weapons/Textures/G67_Grenade/T_G67_ALB.uasset" 201
"../../../../../UnrealProject/TecentCourse_2/Content/FPS_Weapon_Bundle/Weapons/Textures/G67_Grenade/T_G67_M_MSK.uasset" 202
"../../../../../UnrealProject/TecentCourse_2/Content/FPS_Weapon_Bundle/Weapons/Textures/G67_Grenade/T_G67_NRM.uasset" 203
"../../../../../UnrealProject/TecentCourse_2/Content/FPS_Weapon_Bundle/Weapons/Materials/G67_Grenade/M_G67.uasset" 204
"../../../../../UnrealProject/TecentCourse_2/Content/FPS_Weapon_Bundle/Weapons/Meshes/G67_Grenade/SK_G67_Physics.uasset" 205
"../../../../../UnrealProject/TecentCourse_2/Content/FPS_Weapon_Bundle/Weapons/Meshes/G67_Grenade/SK_G67_Skeleton.uasset" 206
"../../../../../UnrealProject/TecentCourse_2/Content/FPS_Weapon_Bundle/Weapons/Meshes/G67_Grenade/SK_G67.uasset" 207
"../../../../../UnrealProject/TecentCourse_2/Content/FPS_Weapon_Bundle/Weapons/Meshes/G67_Grenade/SM_G67.uasset" 208
"../../../../../UnrealProject/TecentCourse_2/Content/FPS_Weapon_Bundle/Weapons/Meshes/G67_Grenade/SM_G67_Thrown.uasset" 209
"../../../../../UnrealProject/TecentCourse_2/Content/FPS_Weapon_Bundle/Weapons/Meshes/G67_Grenade/SM_G67_X.uasset" 210
"../../../../../UnrealProject/TecentCourse_2/Content/FPS_Weapon_Bundle/Weapons/Meshes/Ka47/SK_KA47_X_Physics.uasset" 211
"../../../../../UnrealProject/TecentCourse_2/Content/FPS_Weapon_Bundle/Weapons/Meshes/Ka47/SK_KA47_X_Skeleton.uasset" 212
"../../../../../UnrealProject/TecentCourse_2/Content/FPS_Weapon_Bundle/Weapons/Meshes/Ka47/SK_KA47_X.uasset" 213
"../../../../../UnrealProject/TecentCourse_2/Content/FPS_Weapon_Bundle/Weapons/Meshes/Ka47/SM_KA47.uasset" 214
"../../../../../UnrealProject/TecentCourse_2/Content/FPS_Weapon_Bundle/Weapons/Meshes/Ka47/SM_KA47_X.uasset" 215
"../../../../../UnrealProject/TecentCourse_2/Content/FPS_Weapon_Bundle/Weapons/Meshes/KA74U/SK_KA74U_X_Physics.uasset" 216
"../../../../../UnrealProject/TecentCourse_2/Content/FPS_Weapon_Bundle/Weapons/Meshes/KA74U/SK_KA74U_X_Skeleton.uasset" 217
"../../../../../UnrealProject/TecentCourse_2/Content/FPS_Weapon_Bundle/Weapons/Meshes/KA74U/SK_KA74U_X.uasset" 218
"../../../../../UnrealProject/TecentCourse_2/Content/FPS_Weapon_Bundle/Weapons/Meshes/KA74U/SM_KA74U_Mag_Empty_Y.uasset" 219
"../../../../../UnrealProject/TecentCourse_2/Content/FPS_Weapon_Bundle/Weapons/Meshes/KA74U/SM_KA74U_Mag_Y.uasset" 220
"../../../../../UnrealProject/TecentCourse_2/Content/FPS_Weapon_Bundle/Weapons/Meshes/KA74U/SM_KA74U_X.uasset" 221
"../../../../../UnrealProject/TecentCourse_2/Content/FPS_Weapon_Bundle/Weapons/Meshes/KA74U/SM_KA74U_Y.uasset" 222
"../../../../../UnrealProject/TecentCourse_2/Content/FPS_Weapon_Bundle/Weapons/Meshes/KA_Val/SK_KA_Val_X_Physics.uasset" 223
"../../../../../UnrealProject/TecentCourse_2/Content/FPS_Weapon_Bundle/Weapons/Meshes/KA_Val/SK_KA_Val_X_Skeleton.uasset" 224
"../../../../../UnrealProject/TecentCourse_2/Content/FPS_Weapon_Bundle/Weapons/Meshes/KA_Val/SK_KA_Val_X.uasset" 225
"../../../../../UnrealProject/TecentCourse_2/Content/FPS_Weapon_Bundle/Weapons/Meshes/KA_Val/SM_KA_Val_Mag_X.uasset" 226
"../../../../../UnrealProject/TecentCourse_2/Content/FPS_Weapon_Bundle/Weapons/Meshes/KA_Val/SM_KA_Val_X.uasset" 227
"../../../../../UnrealProject/TecentCourse_2/Content/FPS_Weapon_Bundle/Weapons/Meshes/KA_Val/SM_KA_Val_Y.uasset" 228
"../../../../../UnrealProject/TecentCourse_2/Content/FPS_Weapon_Bundle/Weapons/Textures/M9_Knife/T_M9_ALB.uasset" 229
"../../../../../UnrealProject/TecentCourse_2/Content/FPS_Weapon_Bundle/Weapons/Textures/M9_Knife/T_M9_M_MSK.uasset" 230
"../../../../../UnrealProject/TecentCourse_2/Content/FPS_Weapon_Bundle/Weapons/Textures/M9_Knife/T_M9_NRM.uasset" 231
"../../../../../UnrealProject/TecentCourse_2/Content/FPS_Weapon_Bundle/Weapons/Materials/M9_Knife/M_M9_Knife.uasset" 232
"../../../../../UnrealProject/TecentCourse_2/Content/FPS_Weapon_Bundle/Weapons/Meshes/M9_Knife/SK_M9_Knife_Physics.uasset" 233
"../../../../../UnrealProject/TecentCourse_2/Content/FPS_Weapon_Bundle/Weapons/Meshes/M9_Knife/SK_M9_Knife_Skeleton.uasset" 234
"../../../../../UnrealProject/TecentCourse_2/Content/FPS_Weapon_Bundle/Weapons/Meshes/M9_Knife/SK_M9_Knife.uasset" 235
"../../../../../UnrealProject/TecentCourse_2/Content/FPS_Weapon_Bundle/Weapons/Meshes/M9_Knife/SM_M9_Knife.uasset" 236
"../../../../../UnrealProject/TecentCourse_2/Content/FPS_Weapon_Bundle/Weapons/Meshes/M9_Knife/SM_M9_Knife_X.uasset" 237
"../../../../../UnrealProject/TecentCourse_2/Content/FPS_Weapon_Bundle/Weapons/Meshes/SMG11/SM_SMG11_Mag_Empty_Y.uasset" 238
"../../../../../UnrealProject/TecentCourse_2/Content/FPS_Weapon_Bundle/Weapons/Textures/SMG11/T_SMG11_Rem_ALB.uasset" 239
"../../../../../UnrealProject/TecentCourse_2/Content/FPS_Weapon_Bundle/Weapons/Textures/SMG11/T_SMG11_Rem_M_MSK.uasset" 240
"../../../../../UnrealProject/TecentCourse_2/Content/FPS_Weapon_Bundle/Weapons/Textures/SMG11/T_SMG11_Rem_NRM.uasset" 241
"../../../../../UnrealProject/TecentCourse_2/Content/FPS_Weapon_Bundle/Weapons/Materials/SMG11/M_SMG11_Rem.uasset" 242
"../../../../../UnrealProject/TecentCourse_2/Content/FPS_Weapon_Bundle/Weapons/Meshes/SMG11/SM_SMG11_Nostock_X.uasset" 243
"../../../../../UnrealProject/TecentCourse_2/Content/FPS_Weapon_Bundle/Weapons/Meshes/SMG11/SM_SMG11_Nostock_Y.uasset" 244
"../../../../../UnrealProject/TecentCourse_2/Content/FPS_Weapon_Bundle/Weapons/Meshes/SMG11/SM_SMG11_X.uasset" 245
"../../../../../UnrealProject/TecentCourse_2/Content/FPS_Weapon_Bundle/Weapons/Meshes/SMG11/SM_SMG11_Y.uasset" 246
"../../../../../UnrealProject/TecentCourse_2/Content/FPS_Weapon_Bundle/Weapons/Textures/Patterns/T_80s_Pattern.uasset" 247
"../../../../../UnrealProject/TecentCourse_2/Content/FPS_Weapon_Bundle/Weapons/Textures/Patterns/T_Chochip_Pattern.uasset" 248
"../../../../../UnrealProject/TecentCourse_2/Content/FPS_Weapon_Bundle/Weapons/Textures/Patterns/T_Cracks_Pattern.uasset" 249
"../../../../../UnrealProject/TecentCourse_2/Content/FPS_Weapon_Bundle/Weapons/Textures/Patterns/T_Hexagon_Glow_Pattern.uasset" 250
"../../../../../UnrealProject/TecentCourse_2/Content/FPS_Weapon_Bundle/Weapons/Textures/Patterns/T_Hexagon_Pattern.uasset" 251
"../../../../../UnrealProject/TecentCourse_2/Content/FPS_Weapon_Bundle/Weapons/Textures/Patterns/T_Ink_Pattern.uasset" 252
"../../../../../UnrealProject/TecentCourse_2/Content/FPS_Weapon_Bundle/Weapons/Textures/Patterns/T_Net01_Pattern.uasset" 253
"../../../../../UnrealProject/TecentCourse_2/Content/FPS_Weapon_Bundle/Weapons/Textures/Patterns/T_W90K_Pattern.uasset" 254
"../../../../../UnrealProject/TecentCourse_2/Content/FPS_Weapon_Bundle/Weapons/Textures/Patterns/T_W90_Pattern.uasset" 255
"../../../Engine/Content/EngineMeshes/Humanoid.uasset" 256
"../../../../../UnrealProject/TecentCourse_2/Content/Frank_Fighting_Set2/Skeletal_Meshes/SK_Mannequin_Skeleton.uasset" 257
"../../../../../UnrealProject/TecentCourse_2/Content/Frank_Fighting_Set2/Animations/02_Frank_Moves_Step_Forward_Inplace.uasset" 258
"../../../../../UnrealProject/TecentCourse_2/Content/Frank_Fighting_Set2/Animations/03_Frank_Moves_Step_Backward_Inplace.uasset" 259
"../../../../../UnrealProject/TecentCourse_2/Content/Frank_Fighting_Set2/Animations/04_Frank_Moves_Step_Left_Inplace.uasset" 260
"../../../../../UnrealProject/TecentCourse_2/Content/Frank_Fighting_Set2/Animations/05_Frank_Moves_Step_Right_Inplace.uasset" 261
"../../../../../UnrealProject/TecentCourse_2/Content/Frank_Fighting_Set2/Animations/07_Frank_Moves_Jump_Inplace.uasset" 262
"../../../../../UnrealProject/TecentCourse_2/Content/Frank_Fighting_Set2/Animations/08_Frank_Moves_Crouch_Inplace.uasset" 263
"../../../../../UnrealProject/TecentCourse_2/Content/Frank_Fighting_Set2/Animations/09_Frank_Moves_Guard_Inplace.uasset" 264
"../../../../../UnrealProject/TecentCourse_2/Content/Frank_Fighting_Set2/Animations/10_Frank_Moves_Guard_Hit_Inplace.uasset" 265
"../../../../../UnrealProject/TecentCourse_2/Content/Frank_Fighting_Set2/Animations/12_Frank_Hit_high_Inplace.uasset" 266
"../../../../../UnrealProject/TecentCourse_2/Content/Frank_Fighting_Set2/Animations/13_Frank_Hit_Middle_Inplace.uasset" 267
"../../../../../UnrealProject/TecentCourse_2/Content/Frank_Fighting_Set2/Animations/16_Frank_Hit_Bound_Inplace.uasset" 268
"../../../../../UnrealProject/TecentCourse_2/Content/Frank_Fighting_Set2/Animations/17_Frank_Hit_KnockDown_Inplace.uasset" 269
"../../../../../UnrealProject/TecentCourse_2/Content/Frank_Fighting_Set2/Animations/18_Frank_Punch_Left_Jab_Inplace.uasset" 270
"../../../../../UnrealProject/TecentCourse_2/Content/Frank_Fighting_Set2/Animations/19_Frank_Punch_Right_Straight_Inplace.uasset" 271
"../../../../../UnrealProject/TecentCourse_2/Content/Frank_Fighting_Set2/Animations/20_Frank_Punch_Left_UpperCut_Inplace.uasset" 272
"../../../../../UnrealProject/TecentCourse_2/Content/Frank_Fighting_Set2/Animations/24_Frank_Punch_Combination01_Inplace.uasset" 273
"../../../../../UnrealProject/TecentCourse_2/Content/Frank_Fighting_Set2/Animations/25_Frank_Punch_Combination02_Inplace.uasset" 274
"../../../../../UnrealProject/TecentCourse_2/Content/Frank_Fighting_Set2/Animations/26_Frank_Punch_Combination03_Inplace.uasset" 275
"../../../../../UnrealProject/TecentCourse_2/Content/Frank_Fighting_Set2/Animations/27_Frank_Kick_Left_tap_Inplace.uasset" 276
"../../../../../UnrealProject/TecentCourse_2/Content/Frank_Fighting_Set2/Animations/28_Frank_Kick_Right_Low_Inplace.uasset" 277
"../../../../../UnrealProject/TecentCourse_2/Content/Frank_Fighting_Set2/Animations/31_Frank_Kick_Front_Right_Hammer_Inplace.uasset" 278
"../../../../../UnrealProject/TecentCourse_2/Content/Frank_Fighting_Set2/Animations/32_Frank_Kick_Double_RoundHouse_Inplace.uasset" 279
"../../../../../UnrealProject/TecentCourse_2/Content/Frank_Fighting_Set2/Animations/33_Frank_TestCombo01_Left_Upper_and_Middle_R_kick_Inplace.uasset" 280
"../../../../../UnrealProject/TecentCourse_2/Content/Frank_Fighting_Set2/Animations/34_Frank_TestCombo02_Russian_Hook_and_RH_Kick_Inplace.uasset" 281
"../../../../../UnrealProject/TecentCourse_2/Content/Frank_Fighting_Set2/Animations/35_Frank_TestCombo03_1.uasset" 282
"../../../../../UnrealProject/TecentCourse_2/Content/Frank_Fighting_Set2/Animations/35_Frank_TestCombo03_2.uasset" 283
"../../../../../UnrealProject/TecentCourse_2/Content/Frank_Fighting_Set2/Animations/35_Frank_TestCombo03_3.uasset" 284
"../../../../../UnrealProject/TecentCourse_2/Content/Frank_Fighting_Set2/Animations/35_Frank_TestCombo03_upper_hook_elbow_and_spin_heel_kick_Inplace.uasset" 285
"../../../../../UnrealProject/TecentCourse_2/Content/Frank_Fighting_Set2/Animations/37_Frank_Fury_Inplace.uasset" 286
"../../../../../UnrealProject/TecentCourse_2/Content/Frank_Fighting_Set2/Animations/38_Frank_Hit_Fury_Inplace.uasset" 287
"../../../../../UnrealProject/TecentCourse_2/Content/Frank_Fighting_Set2/Animations/01_Frank_Moves_Idle.uasset" 288
"../../../../../UnrealProject/TecentCourse_2/Content/Frank_Fighting_Set2/Animations/02_Frank_Moves_Step_Forward.uasset" 289
"../../../../../UnrealProject/TecentCourse_2/Content/Frank_Fighting_Set2/Animations/03_Frank_Moves_Step_Backward.uasset" 290
"../../../../../UnrealProject/TecentCourse_2/Content/Frank_Fighting_Set2/Animations/04_Frank_Moves_Step_Left.uasset" 291
"../../../../../UnrealProject/TecentCourse_2/Content/Frank_Fighting_Set2/Animations/05_Frank_Moves_Step_Right.uasset" 292
"../../../../../UnrealProject/TecentCourse_2/Content/Frank_Fighting_Set2/Animations/06_Frank_Moves_Dash.uasset" 293
"../../../../../UnrealProject/TecentCourse_2/Content/Frank_Fighting_Set2/Animations/07_Frank_Moves_Jump.uasset" 294
"../../../../../UnrealProject/TecentCourse_2/Content/Frank_Fighting_Set2/Animations/08_Frank_Moves_Crouch.uasset" 295
"../../../../../UnrealProject/TecentCourse_2/Content/Frank_Fighting_Set2/Animations/09_Frank_Moves_Guard.uasset" 296
"../../../../../UnrealProject/TecentCourse_2/Content/Frank_Fighting_Set2/Animations/10_Frank_Moves_Guard_Hit.uasset" 297
"../../../../../UnrealProject/TecentCourse_2/Content/Frank_Fighting_Set2/Animations/11_Frank_Moves_Getup.uasset" 298
"../../../../../UnrealProject/TecentCourse_2/Content/Frank_Fighting_Set2/Animations/12_Frank_Hit_high.uasset" 299
"../../../../../UnrealProject/TecentCourse_2/Content/Frank_Fighting_Set2/Animations/13_Frank_Hit_Middle.uasset" 300
"../../../../../UnrealProject/TecentCourse_2/Content/Frank_Fighting_Set2/Animations/14_Frank_Hit_Heavy.uasset" 301
"../../../../../UnrealProject/TecentCourse_2/Content/Frank_Fighting_Set2/Animations/15_Frank_Hit_Air.uasset" 302
"../../../../../UnrealProject/TecentCourse_2/Content/Frank_Fighting_Set2/Animations/16_Frank_Hit_Bound.uasset" 303
"../../../../../UnrealProject/TecentCourse_2/Content/Frank_Fighting_Set2/Animations/17_Frank_Hit_KnockDown.uasset" 304
"../../../../../UnrealProject/TecentCourse_2/Content/Frank_Fighting_Set2/Animations/18_Frank_Punch_Left_Jab.uasset" 305
"../../../../../UnrealProject/TecentCourse_2/Content/Frank_Fighting_Set2/Animations/19_Frank_Punch_Right_Straight.uasset" 306
"../../../../../UnrealProject/TecentCourse_2/Content/Frank_Fighting_Set2/Animations/20_Frank_Punch_Left_UpperCut.uasset" 307
"../../../../../UnrealProject/TecentCourse_2/Content/Frank_Fighting_Set2/Animations/21_Frank_Punch_Right_UpperCut.uasset" 308
"../../../../../UnrealProject/TecentCourse_2/Content/Frank_Fighting_Set2/Animations/22_Frank_Punch_PowerSmash.uasset" 309
"../../../../../UnrealProject/TecentCourse_2/Content/Frank_Fighting_Set2/Animations/23_Frank_Punch_Combination_All.uasset" 310
"../../../../../UnrealProject/TecentCourse_2/Content/Frank_Fighting_Set2/Animations/24_Frank_Punch_Combination01.uasset" 311
"../../../../../UnrealProject/TecentCourse_2/Content/Frank_Fighting_Set2/Animations/25_Frank_Punch_Combination02.uasset" 312
"../../../../../UnrealProject/TecentCourse_2/Content/Frank_Fighting_Set2/Animations/26_Frank_Punch_Combination03.uasset" 313
"../../../../../UnrealProject/TecentCourse_2/Content/Frank_Fighting_Set2/Animations/27_Frank_Kick_Left_tap.uasset" 314
"../../../../../UnrealProject/TecentCourse_2/Content/Frank_Fighting_Set2/Animations/28_Frank_Kick_Right_Low.uasset" 315
"../../../../../UnrealProject/TecentCourse_2/Content/Frank_Fighting_Set2/Animations/29_Frank_Kick_Right_Spin_Heel.uasset" 316
"../../../../../UnrealProject/TecentCourse_2/Content/Frank_Fighting_Set2/Animations/30_Frank_Kick_Right_Side.uasset" 317
"../../../../../UnrealProject/TecentCourse_2/Content/Frank_Fighting_Set2/Animations/31_Frank_Kick_Front_Right_Hammer.uasset" 318
"../../../../../UnrealProject/TecentCourse_2/Content/Frank_Fighting_Set2/Animations/32_Frank_Kick_Double_RoundHouse.uasset" 319
"../../../../../UnrealProject/TecentCourse_2/Content/Frank_Fighting_Set2/Animations/36_Frank_Hit_Screw.uasset" 320
"../../../../../UnrealProject/TecentCourse_2/Content/Frank_Fighting_Set2/Animations/Frank_Fighting_Set2_Montage.uasset" 321
"../../../../../UnrealProject/TecentCourse_2/Content/Frank_Fighting_Set2/Animations/33_Frank_TestCombo01_Left_Upper_and_Middle_R_kick.uasset" 322
"../../../../../UnrealProject/TecentCourse_2/Content/Frank_Fighting_Set2/Cinematics/Sequences/Frank_Fighting_Set2_Action01.uasset" 323
"../../../../../UnrealProject/TecentCourse_2/Content/Frank_Fighting_Set2/Animations/34_Frank_TestCombo02_Russian_Hook_and_RH_Kick.uasset" 324
"../../../../../UnrealProject/TecentCourse_2/Content/Frank_Fighting_Set2/Cinematics/Sequences/Frank_Fighting_Set2_Action02.uasset" 325
"../../../../../UnrealProject/TecentCourse_2/Content/Frank_Fighting_Set2/Animations/35_Frank_TestCombo03_upper_hook_elbow_and_spin_heel_kick.uasset" 326
"../../../../../UnrealProject/TecentCourse_2/Content/Frank_Fighting_Set2/Cinematics/Sequences/Frank_Fighting_Set2_Action03.uasset" 327
"../../../../../UnrealProject/TecentCourse_2/Content/Frank_Fighting_Set2/Animations/06_Frank_Moves_Dash_Inplace.uasset" 328
"../../../../../UnrealProject/TecentCourse_2/Content/Frank_Fighting_Set2/Animations/11_Frank_Moves_Getup_Inplace.uasset" 329
"../../../../../UnrealProject/TecentCourse_2/Content/Frank_Fighting_Set2/Animations/14_Frank_Hit_Heavy_Inplace.uasset" 330
"../../../../../UnrealProject/TecentCourse_2/Content/Frank_Fighting_Set2/Animations/15_Frank_Hit_Air_Inplace.uasset" 331
"../../../../../UnrealProject/TecentCourse_2/Content/Frank_Fighting_Set2/Animations/21_Frank_Punch_Right_UpperCut_Inplace.uasset" 332
"../../../../../UnrealProject/TecentCourse_2/Content/Frank_Fighting_Set2/Animations/22_Frank_Punch_PowerSmash_Inplace.uasset" 333
"../../../../../UnrealProject/TecentCourse_2/Content/Frank_Fighting_Set2/Animations/23_Frank_Punch_Combination_All_Inplace.uasset" 334
"../../../../../UnrealProject/TecentCourse_2/Content/Frank_Fighting_Set2/Animations/29_Frank_Kick_Right_Spin_Heel_Inplace.uasset" 335
"../../../../../UnrealProject/TecentCourse_2/Content/Frank_Fighting_Set2/Animations/30_Frank_Kick_Right_Side_Inplace.uasset" 336
"../../../../../UnrealProject/TecentCourse_2/Content/Frank_Fighting_Set2/Animations/36_Frank_Hit_Screw_Inplace.uasset" 337
"../../../../../UnrealProject/TecentCourse_2/Content/Frank_Fighting_Set2/Animations/37_Frank_Fury.uasset" 338
"../../../../../UnrealProject/TecentCourse_2/Content/Frank_Fighting_Set2/Animations/38_Frank_Hit_Fury.uasset" 339
"../../../../../UnrealProject/TecentCourse_2/Content/Frank_Fighting_Set2/Materials/body_m.uasset" 340
"../../../../../UnrealProject/TecentCourse_2/Content/Frank_Fighting_Set2/Skeletal_Meshes/SK_Mannequin_PhysicsAsset.uasset" 341
"../../../../../UnrealProject/TecentCourse_2/Content/Frank_Fighting_Set2/Skeletal_Meshes/SK_Mannequin.uasset" 342
"../../../../../UnrealProject/TecentCourse_2/Content/Frank_Fighting_Set2/Cinematics/Sequences/Frank_Fighting_Set2_Combo_Demo.uasset" 343
"../../../../../UnrealProject/TecentCourse_2/Content/Frank_Fighting_Set2/Cinematics/Sequences/Frank_Fighting_Set2_Motions.uasset" 344
"../../../../../UnrealProject/TecentCourse_2/Content/Frank_Fighting_Set2/Cinematics/Sequences/SequenceMaster.uasset" 345
"../../../../../UnrealProject/TecentCourse_2/Content/Frank_Fighting_Set2/Materials/logo_m.uasset" 346
"../../../../../UnrealProject/TecentCourse_2/Content/Mannequin/Character/Materials/MaterialLayers/T_ML_Rubber_Blue_01_D.uasset" 347
"../../../../../UnrealProject/TecentCourse_2/Content/Mannequin/Character/Materials/MaterialLayers/T_ML_Rubber_Blue_01_N.uasset" 348
"../../../../../UnrealProject/TecentCourse_2/Content/Mannequin/Character/Materials/MaterialLayers/ML_GlossyBlack_Latex_UE4.uasset" 349
"../../../../../UnrealProject/TecentCourse_2/Content/Mannequin/Character/Materials/MaterialLayers/ML_Plastic_Shiny_Beige.uasset" 350
"../../../../../UnrealProject/TecentCourse_2/Content/Mannequin/Character/Materials/MaterialLayers/ML_Plastic_Shiny_Beige_LOGO.uasset" 351
"../../../../../UnrealProject/TecentCourse_2/Content/Mannequin/Character/Materials/MaterialLayers/T_ML_Aluminum01.uasset" 352
"../../../../../UnrealProject/TecentCourse_2/Content/Mannequin/Character/Materials/MaterialLayers/T_ML_Aluminum01_N.uasset" 353
"../../../../../UnrealProject/TecentCourse_2/Content/Mannequin/Character/Materials/MaterialLayers/ML_SoftMetal_UE4.uasset" 354
"../../../../../UnrealProject/TecentCourse_2/Content/Mannequin/Character/Textures/T_UE4_Mannequin_Mobile_M.uasset" 355
"../../../../../UnrealProject/TecentCourse_2/Content/Mannequin/Character/Textures/T_UE4_Mannequin_Mobile_N.uasset" 356
"../../../../../UnrealProject/TecentCourse_2/Content/Mannequin/Character/Materials/M_UE4Man_Body.uasset" 357
"../../../../../UnrealProject/TecentCourse_2/Content/Mannequin/Character/Textures/UE4Man_Logo_N.uasset" 358
"../../../../../UnrealProject/TecentCourse_2/Content/Mannequin/Character/Materials/M_UE4Man_ChestLogo.uasset" 359
"../../../../../UnrealProject/TecentCourse_2/Content/Montage/RightPunch.uasset" 360
"../../../Engine/Content/Animation/DefaultAnimCurveCompressionSettings.uasset" 361
"../../../Engine/Content/Functions/Engine_MaterialFunctions01/Opacity/CameraDepthFade.uasset" 362
"../../../Engine/Content/EngineMaterials/T_Default_Material_Grid_M.uasset" 363
"../../../Engine/Content/EngineMaterials/T_Default_Material_Grid_N.uasset" 364
"../../../Engine/Content/EngineMaterials/WorldGridMaterial.uasset" 365
"../../../Engine/Content/ArtTools/RenderToTexture/Meshes/S_1_Unit_Plane.uasset" 366
"../../../Engine/Content/EngineMaterials/DefaultMaterial.uasset" 367
"../../../Engine/Content/BasicShapes/Cone.uasset" 368
"../../../Engine/Content/BasicShapes/Cube.uasset" 369
"../../../Engine/Content/BasicShapes/Cylinder.uasset" 370
"../../../Engine/Content/BasicShapes/Plane.uasset" 371
"../../../Engine/Content/BasicShapes/Sphere.uasset" 372
"../../../Engine/Content/EditorLandscapeResources/DataLayer.uasset" 373
"../../../Engine/Content/EditorMaterials/MAT_Groups_Toggle.uasset" 374
"../../../Engine/Content/EditorMaterials/MAT_Groups_Visibility.uasset" 375
"../../../Engine/Content/EditorMaterials/PreviewShadowIndicator.uasset" 376
"../../../Engine/Content/EditorMaterials/PreviewShadowIndicatorMaterial.uasset" 377
"../../../Engine/Content/EditorMaterials/MatineeGroups/MAT_ColorTrack.uasset" 378
"../../../Engine/Content/EditorMaterials/MatineeGroups/MAT_Groups_Anim.uasset" 379
"../../../Engine/Content/EditorMaterials/MatineeGroups/MAT_Groups_AudioMaster.uasset" 380
"../../../Engine/Content/EditorMaterials/MatineeGroups/MAT_Groups_Director.uasset" 381
"../../../Engine/Content/EditorMaterials/MatineeGroups/MAT_Groups_Event.uasset" 382
"../../../Engine/Content/EditorMaterials/MatineeGroups/MAT_Groups_Fade.uasset" 383
"../../../Engine/Content/EditorMaterials/MatineeGroups/MAT_Groups_Float.uasset" 384
"../../../Engine/Content/EditorMaterials/MatineeGroups/MAT_Groups_Move.uasset" 385
"../../../Engine/Content/EditorMaterials/MatineeGroups/MAT_Groups_Slomo.uasset" 386
"../../../Engine/Content/EditorMaterials/MatineeGroups/MAT_Groups_Sound.uasset" 387
"../../../Engine/Content/EditorMaterials/MatineeGroups/MAT_Groups_Vector.uasset" 388
"../../../Engine/Content/EditorMaterials/ParticleSystems/PSysThumbnail_NoImage.uasset" 389
"../../../Engine/Content/EditorMaterials/ParticleSystems/PSysThumbnail_OOD.uasset" 390
"../../../Engine/Content/EditorMaterials/Camera/CineMat.uasset" 391
"../../../Engine/Content/EditorMaterials/Camera/MI_CineMat_Rig.uasset" 392
"../../../Engine/Content/EditorMeshes/Camera/SM_CraneRig_Arm.uasset" 393
"../../../Engine/Content/EditorMeshes/Camera/SM_CraneRig_Base.uasset" 394
"../../../Engine/Content/EditorMeshes/Camera/SM_CraneRig_Body.uasset" 395
"../../../Engine/Content/EditorMeshes/Camera/SM_CraneRig_Mount.uasset" 396
"../../../Engine/Content/EditorMeshes/Camera/SM_RailRig_Mount.uasset" 397
"../../../Engine/Content/EditorMeshes/Camera/SM_RailRig_Track.uasset" 398
"../../../Engine/Content/EditorResources/BSPVertex.uasset" 399
"../../../Engine/Content/EditorResources/EmptyActor.uasset" 400
"../../../Engine/Content/EditorResources/S_Actor.uasset" 401
"../../../Engine/Content/EditorResources/S_Note.uasset" 402
"../../../Engine/Content/EditorResources/S_Solver.uasset" 403
"../../../Engine/Content/EditorResources/S_Trigger.uasset" 404
"../../../Engine/Content/EditorResources/LightIcons/S_LightError.uasset" 405
"../../../Engine/Content/EditorResources/SequenceRecorder/Countdown.uasset" 406
"../../../Engine/Content/EditorResources/SequenceRecorder/RecordingIndicator.uasset" 407
"../../../Engine/Content/EditorSounds/Notifications/CompileFailed.uasset" 408
"../../../Engine/Content/EditorSounds/Notifications/CompileFailed_Cue.uasset" 409
"../../../Engine/Content/EditorSounds/Notifications/CompileSuccess.uasset" 410
"../../../Engine/Content/EditorSounds/Notifications/CompileStart_Cue.uasset" 411
"../../../Engine/Content/EditorSounds/Notifications/CompileSuccess_Cue.uasset" 412
"../../../Engine/Content/EngineDamageTypes/DmgTypeBP_Environmental.uasset" 413
"../../../Engine/Content/EngineDebugMaterials/DebugEditorMaterial.uasset" 414
"../../../Engine/Content/EngineDebugMaterials/DebugMeshMaterial.uasset" 415
"../../../Engine/Content/EngineDebugMaterials/M_SimpleUnlitTranslucent.uasset" 416
"../../../Engine/Content/Functions/Engine_MaterialFunctions02/Utility/CameraDirectionVector.uasset" 417
"../../../Engine/Content/EngineDebugMaterials/VolumeToRender.uasset" 418
"../../../Engine/Content/EngineDebugMaterials/M_VolumeRenderSphereTracePP.uasset" 419
"../../../Engine/Content/EngineDebugMaterials/WireframeMaterial.uasset" 420
"../../../Engine/Content/EngineFonts/Faces/DroidSansFallback.uasset" 421
"../../../Engine/Content/EngineFonts/Faces/RobotoBold.uasset" 422
"../../../Engine/Content/EngineFonts/Faces/RobotoBoldItalic.uasset" 423
"../../../Engine/Content/EngineFonts/Faces/RobotoItalic.uasset" 424
"../../../Engine/Content/EngineFonts/Faces/RobotoLight.uasset" 425
"../../../Engine/Content/EngineFonts/Faces/RobotoRegular.uasset" 426
"../../../Engine/Content/EngineFonts/Roboto.uasset" 427
"../../../Engine/Content/EngineMaterials/BaseFlattenDiffuseMap.uasset" 428
"../../../Engine/Content/EngineMaterials/BaseFlattenEmissiveMap.uasset" 429
"../../../Engine/Content/EngineMaterials/BaseFlattenGrayscaleMap.uasset" 430
"../../../Engine/Content/EngineMaterials/BaseFlattenNormalMap.uasset" 431
"../../../Engine/Content/EngineMaterials/BaseFlattenMaterial.uasset" 432
"../../../Engine/Content/EngineMaterials/BlueNoise.uasset" 433
"../../../Engine/Content/EngineMaterials/DefaultBloomKernel.uasset" 434
"../../../Engine/Content/EngineMaterials/DefaultBokeh.uasset" 435
"../../../Engine/Content/EngineMaterials/DefaultDiffuse.uasset" 436
"../../../Engine/Content/EngineMaterials/DefaultDeferredDecalMaterial.uasset" 437
"../../../Engine/Content/EngineMaterials/DefaultLightFunctionMaterial.uasset" 438
"../../../Engine/Content/EngineMaterials/DefaultPhysicalMaterial.uasset" 439
"../../../Engine/Content/Functions/Engine_MaterialFunctions02/Utility/BreakOutFloat2Components.uasset" 440
"../../../Engine/Content/EngineMaterials/DefaultPostProcessMaterial.uasset" 441
"../../../Engine/Content/EngineFonts/RobotoDistanceField.uasset" 442
"../../../Engine/Content/EngineMaterials/DefaultTextMaterialOpaque.uasset" 443
"../../../Engine/Content/EngineMaterials/DefaultWhiteGrid.uasset" 444
"../../../Engine/Content/EngineMaterials/DefaultWhiteGrid_Low.uasset" 445
"../../../Engine/Content/EngineMaterials/EmissiveMeshMaterial.uasset" 446
"../../../Engine/Content/EngineMaterials/GizmoMaterial.uasset" 447
"../../../Engine/Content/EngineMaterials/Good64x64TilingNoiseHighFreq.uasset" 448
"../../../Engine/Content/EngineMaterials/MiniFont.uasset" 449
"../../../Engine/Content/EngineMaterials/InvalidLightmapSettings.uasset" 450
"../../../Engine/Content/EngineMaterials/M_InvalidLightmapSettings.uasset" 451
"../../../Engine/Content/Functions/Engine_MaterialFunctions02/WorldPositionOffset/CameraOffset.uasset" 452
"../../../Engine/Content/EngineMaterials/PhAT_JointLimitMaterial.uasset" 453
"../../../Engine/Content/EngineMaterials/PreintegratedSkinBRDF.uasset" 454
"../../../Engine/Content/EngineMaterials/RemoveSurfaceMaterial.uasset" 455
"../../../Engine/Content/EngineMaterials/WeightMapPlaceholderTexture.uasset" 456
"../../../Engine/Content/EngineResources/WhiteSquareTexture.uasset" 457
"../../../Engine/Content/EngineMaterials/Widget3DPassThrough.uasset" 458
"../../../Engine/Content/EngineMaterials/Widget3DPassThrough_Masked.uasset" 459
"../../../Engine/Content/EngineMaterials/Widget3DPassThrough_Opaque.uasset" 460
"../../../Engine/Content/EngineMaterials/Widget3DPassThrough_Masked_OneSided.uasset" 461
"../../../Engine/Content/EngineMaterials/Widget3DPassThrough_Opaque_OneSided.uasset" 462
"../../../Engine/Content/EngineMaterials/Widget3DPassThrough_Translucent.uasset" 463
"../../../Engine/Content/EngineMaterials/Widget3DPassThrough_Translucent_OneSided.uasset" 464
"../../../Engine/Content/EngineMeshes/Cylinder.uasset" 465
"../../../Engine/Content/EngineMeshes/Sphere.uasset" 466
"../../../Engine/Content/EngineResources/Black.uasset" 467
"../../../Engine/Content/EngineResources/DefaultTexture.uasset" 468
"../../../Engine/Content/EngineResources/DefaultTextureCube.uasset" 469
"../../../Engine/Content/EngineResources/DefaultVolumeTexture2D.uasset" 470
"../../../Engine/Content/EngineResources/DefaultVolumeTexture.uasset" 471
"../../../Engine/Content/EngineResources/GradientTexture0.uasset" 472
"../../../Engine/Content/EngineSounds/Master.uasset" 473
"../../../Engine/Content/Functions/Engine_MaterialFunctions01/Shading/ConvertFromDiffSpec.uasset" 474
"../../../Engine/Content/Functions/Engine_MaterialFunctions01/Shading/PowerToRoughness.uasset" 475
"../../../Engine/Content/Maps/Templates/Thumbnails/Default.uasset" 476
"../../../Engine/Content/Maps/Templates/Thumbnails/TimeOfDay.uasset" 477
"../../../Engine/Content/Maps/Templates/Thumbnails/VR-Basic.uasset" 478
"../../../Engine/Content/MobileResources/T_MobileControls_texture.uasset" 479
"../../../Engine/Content/MobileResources/T_MobileMenu2.uasset" 480
"../../../Engine/Content/MobileResources/HUD/AnalogHat.uasset" 481
"../../../Engine/Content/MobileResources/HUD/VirtualJoystick_Background.uasset" 482
"../../../Engine/Content/MobileResources/HUD/VirtualJoystick_Thumb.uasset" 483
"../../../Engine/Content/MobileResources/HUD/DefaultVirtualJoysticks.uasset" 484
"../../../Engine/Content/MobileResources/HUD/LeftVirtualJoystickOnly.uasset" 485
"../../../Engine/Content/MobileResources/HUD/MobileHUDButton1_off.uasset" 486
"../../../Engine/Content/MobileResources/HUD/MobileHUDButton1_on.uasset" 487
"../../../Engine/Content/MobileResources/HUD/MobileHUDButton2_off.uasset" 488
"../../../Engine/Content/MobileResources/HUD/MobileHUDButton2_on.uasset" 489
"../../../Engine/Content/MobileResources/HUD/MobileHUDButton3.uasset" 490
"../../../Engine/Content/MobileResources/HUD/MobileHUDButtonFire.uasset" 491
"../../../Engine/Content/MobileResources/HUD/MobileHUDDirectionPad.uasset" 492
"../../../Engine/Content/MobileResources/HUD/MobileHUDDirectionPad2.uasset" 493
"../../../Engine/Content/MobileResources/HUD/MobileHUDDirectionPad3.uasset" 494
"../../../Engine/Content/MobileResources/HUD/MobileHUDDirectionStick.uasset" 495
"../../../Engine/Content/MobileResources/HUD/T_Castle_ThumbstickInner.uasset" 496
"../../../Engine/Content/MobileResources/HUD/T_Castle_ThumbstickOutter.uasset" 497
"../../../Engine/Content/Tutorial/ContentIntroCurve.uasset" 498
"../../../Engine/Content/Tutorial/Basics/LevelEditorAttract.uasset" 499
"../../../Engine/Content/VREditor/LaserPointer/VR_LaserPower_01.uasset" 500
"../../../Engine/Content/VREditor/TransformGizmo/TransformGizmoMaterial.uasset" 501
"../../../Engine/Content/VREditor/TransformGizmo/TranslucentTransformGizmoMaterial.uasset" 502
"../../../Engine/Content/VREditor/TransformGizmo/BoundingBoxCorner.uasset" 503
"../../../Engine/Content/VREditor/TransformGizmo/BoundingBoxEdge.uasset" 504
"../../../Engine/Content/VREditor/TransformGizmo/PlaneTranslationHandle.uasset" 505
"../../../Engine/Content/VREditor/TransformGizmo/Main.uasset" 506
"../../../Engine/Content/VREditor/TransformGizmo/Xray.uasset" 507
"../../../Engine/Content/VREditor/TransformGizmo/SM_Sequencer_Key.uasset" 508
"../../../Engine/Content/VREditor/TransformGizmo/SM_Sequencer_Node.uasset" 509
"../../Plugins/2D/Paper2D/Content/PlaceholderTextures/DummySpriteTexture.uasset" 510
"../../Plugins/2D/Paper2D/Content/DummySprite.uasset" 511
"../../Plugins/2D/Paper2D/Content/DefaultPaperTerrainMaterial.uasset" 512
"../../Plugins/2D/Paper2D/Content/DefaultSpriteMaterial.uasset" 513
"../../Plugins/2D/Paper2D/Content/MaskedUnlitSpriteMaterial.uasset" 514
"../../Plugins/2D/Paper2D/Content/OpaqueUnlitSpriteMaterial.uasset" 515
"../../Plugins/FX/Niagara/Content/Enums/ENiagaraBooleanLogicOps.uasset" 516
"../../Plugins/FX/Niagara/Content/Enums/ENiagaraCoordinateSpace.uasset" 517
"../../Plugins/FX/Niagara/Content/Enums/ENiagaraExpansionMode.uasset" 518
"../../Plugins/FX/Niagara/Content/Enums/ENiagaraOrientationAxis.uasset" 519
"../../Plugins/FX/Niagara/Content/Enums/ENiagaraRandomnessMode.uasset" 520
"../../../Engine/Content/Functions/Engine_MaterialFunctions02/Utility/BreakOutFloat4Components.uasset" 521
"../../../Engine/Content/Functions/Engine_MaterialFunctions02/Utility/MakeFloat2.uasset" 522
"../../../Engine/Content/Functions/Engine_MaterialFunctions02/Utility/MakeFloat3.uasset" 523
"../../Plugins/Runtime/Oculus/OculusVR/Content/Materials/OculusMR_ChromaKey.uasset" 524
"../../Plugins/Runtime/Oculus/OculusVR/Content/Materials/OculusMR_ChromaKey_Lit.uasset" 525
"../../Plugins/Runtime/Oculus/OculusVR/Content/Materials/OculusMR_OpaqueColoredMaterial.uasset" 526
"../../Plugins/Runtime/Oculus/OculusVR/Content/Materials/OculusMR_WhiteMaterial.uasset" 527
"../../../../../UnrealProject/TecentCourse_2/Content/LobbyUI.uasset" 528
"../../../../../UnrealProject/TecentCourse_2/Content/Lobby.umap" 529
"../../../../../UnrealProject/TecentCourse_2/Content/AnimStarterPack/Crouch_Idle_Rifle_Ironsights.uasset" 530
"../../../../../UnrealProject/TecentCourse_2/Content/AnimStarterPack/Crouch_Walk_Fwd_Rifle_Ironsights.uasset" 531
"../../../../../UnrealProject/TecentCourse_2/Content/AnimStarterPack/Equip_Pistol_Standing.uasset" 532
"../../../../../UnrealProject/TecentCourse_2/Content/AnimStarterPack/Hit_React_1.uasset" 533
"../../../../../UnrealProject/TecentCourse_2/Content/AnimStarterPack/Hit_React_2.uasset" 534
"../../../../../UnrealProject/TecentCourse_2/Content/AnimStarterPack/Hit_React_3.uasset" 535
"../../../../../UnrealProject/TecentCourse_2/Content/AnimStarterPack/Idle_Rifle_Hip_Break1.uasset" 536
"../../../../../UnrealProject/TecentCourse_2/Content/AnimStarterPack/Idle_Rifle_Hip_Break2.uasset" 537
"../../../../../UnrealProject/TecentCourse_2/Content/AnimStarterPack/Reload_Rifle_Hip.uasset" 538
"../../../../../UnrealProject/TecentCourse_2/Content/AnimStarterPack/Walk_Fwd_Rifle_Ironsights.uasset" 539
"../../../Engine/Content/EngineSky/C_Sky_Cloud_Color.uasset" 540
"../../../Engine/Content/EngineSky/C_Sky_Horizon_Color.uasset" 541
"../../../Engine/Content/EngineSky/C_Sky_Zenith_Color.uasset" 542
"../../../Engine/Content/EngineSky/T_Sky_Blue.uasset" 543
"../../../Engine/Content/EngineSky/T_Sky_Clouds_M.uasset" 544
"../../../Engine/Content/EngineSky/T_Sky_Stars.uasset" 545
"../../../Engine/Content/EngineSky/M_Sky_Panning_Clouds2.uasset" 546
"../../../Engine/Content/EngineSky/SM_SkySphere.uasset" 547
"../../../Engine/Content/EngineSky/BP_Sky_Sphere.uasset" 548
"../../../Engine/Content/TemplateResources/M_Template_Master.uasset" 549
"../../../Engine/Content/TemplateResources/MI_Template_BaseGray_03_Metal.uasset" 550
"../../../../../UnrealProject/TecentCourse_2/Content/AnimStarterPack/Showcase.umap" 551
"../../../../../UnrealProject/TecentCourse_2/Content/FPS_Weapon_Bundle/Weapons/Materials/Accessories/M_Scope_25x56_Lens_NoAlpha.uasset" 552
"../../../../../UnrealProject/TecentCourse_2/Content/FPS_Weapon_Bundle/Weapons/Meshes/Accessories/SM_Scope_25x56_Y.uasset" 553
"../../../../../UnrealProject/TecentCourse_2/Content/FPS_Weapon_Bundle/Weapons/Textures/Accessories/T_Suppressor5_ALB.uasset" 554
"../../../../../UnrealProject/TecentCourse_2/Content/FPS_Weapon_Bundle/Weapons/Textures/Accessories/T_Suppressor5_M_MSK.uasset" 555
"../../../../../UnrealProject/TecentCourse_2/Content/FPS_Weapon_Bundle/Weapons/Textures/Accessories/T_Suppressor5_NRM.uasset" 556
"../../../../../UnrealProject/TecentCourse_2/Content/FPS_Weapon_Bundle/Weapons/Materials/Accessories/M_Suppressor5.uasset" 557
"../../../../../UnrealProject/TecentCourse_2/Content/FPS_Weapon_Bundle/Weapons/Meshes/Accessories/SM_Suppressor5.uasset" 558
"../../../../../UnrealProject/TecentCourse_2/Content/FPS_Weapon_Bundle/Weapons/Materials/RDS/M_RDS_Glass.uasset" 559
"../../../../../UnrealProject/TecentCourse_2/Content/FPS_Weapon_Bundle/Weapons/Textures/Accessories/T_Tc4_ALB.uasset" 560
"../../../../../UnrealProject/TecentCourse_2/Content/FPS_Weapon_Bundle/Weapons/Textures/Accessories/T_Tc4_M_MSK.uasset" 561
"../../../../../UnrealProject/TecentCourse_2/Content/FPS_Weapon_Bundle/Weapons/Textures/Accessories/T_Tc4_NRM.uasset" 562
"../../../../../UnrealProject/TecentCourse_2/Content/FPS_Weapon_Bundle/Weapons/Materials/Accessories/M_Tc4_Sight.uasset" 563
"../../../../../UnrealProject/TecentCourse_2/Content/FPS_Weapon_Bundle/Weapons/Meshes/Accessories/SM_T4_Sight.uasset" 564
"../../../../../UnrealProject/TecentCourse_2/Content/FPS_Weapon_Bundle/Weapons/Meshes/Accessories/SM_Vertgrip.uasset" 565
"../../../../../UnrealProject/TecentCourse_2/Content/FPS_Weapon_Bundle/Weapons/Textures/Ammunition/T_12Gauge_ALB.uasset" 566
"../../../../../UnrealProject/TecentCourse_2/Content/FPS_Weapon_Bundle/Weapons/Textures/Ammunition/T_12Gauge_M_MSK.uasset" 567
"../../../../../UnrealProject/TecentCourse_2/Content/FPS_Weapon_Bundle/Weapons/Textures/Ammunition/T_12Gauge_NRM.uasset" 568
"../../../../../UnrealProject/TecentCourse_2/Content/FPS_Weapon_Bundle/Weapons/Materials/Ammunition/M_Ammo_12gauge.uasset" 569
"../../../../../UnrealProject/TecentCourse_2/Content/FPS_Weapon_Bundle/Weapons/Meshes/Ammunition/SM_Shell_12Gauge.uasset" 570
"../../../../../UnrealProject/TecentCourse_2/Content/FPS_Weapon_Bundle/Weapons/Meshes/Ammunition/SM_Shell_12Gauge_Empty.uasset" 571
"../../../../../UnrealProject/TecentCourse_2/Content/FPS_Weapon_Bundle/Weapons/Textures/Ammunition/T_40mm_Grenade_ALB.uasset" 572
"../../../../../UnrealProject/TecentCourse_2/Content/FPS_Weapon_Bundle/Weapons/Textures/Ammunition/T_40mm_Grenade_M_MSK.uasset" 573
"../../../../../UnrealProject/TecentCourse_2/Content/FPS_Weapon_Bundle/Weapons/Textures/Ammunition/T_40mm_Grenade_NRM.uasset" 574
"../../../../../UnrealProject/TecentCourse_2/Content/FPS_Weapon_Bundle/Weapons/Materials/Ammunition/M_40mm_Grenade.uasset" 575
"../../../../../UnrealProject/TecentCourse_2/Content/FPS_Weapon_Bundle/Weapons/Meshes/Ammunition/SM_Shell_40mm_G.uasset" 576
"../../../../../UnrealProject/TecentCourse_2/Content/FPS_Weapon_Bundle/Weapons/Meshes/Ammunition/SM_Shell_40mm_G_Empty.uasset" 577
"../../../../../UnrealProject/TecentCourse_2/Content/FPS_Weapon_Bundle/Weapons/Textures/Ammunition/T_45ap_ALB.uasset" 578
"../../../../../UnrealProject/TecentCourse_2/Content/FPS_Weapon_Bundle/Weapons/Textures/Ammunition/T_45ap_M_MSK.uasset" 579
"../../../../../UnrealProject/TecentCourse_2/Content/FPS_Weapon_Bundle/Weapons/Textures/Ammunition/T_45ap_NRM.uasset" 580
"../../../../../UnrealProject/TecentCourse_2/Content/FPS_Weapon_Bundle/Weapons/Materials/Ammunition/M_45ap.uasset" 581
"../../../../../UnrealProject/TecentCourse_2/Content/FPS_Weapon_Bundle/Weapons/Meshes/Ammunition/SM_Shell_45ap.uasset" 582
"../../../../../UnrealProject/TecentCourse_2/Content/FPS_Weapon_Bundle/Weapons/Meshes/Ammunition/SM_Shell_45ap_Empty.uasset" 583
"../../../../../UnrealProject/TecentCourse_2/Content/FPS_Weapon_Bundle/Weapons/Meshes/Ammunition/SM_Shell_545x39.uasset" 584
"../../../../../UnrealProject/TecentCourse_2/Content/FPS_Weapon_Bundle/Weapons/Meshes/Ammunition/SM_Shell_545x39_Empty.uasset" 585
"../../../../../UnrealProject/TecentCourse_2/Content/FPS_Weapon_Bundle/Weapons/Meshes/Ammunition/SM_Shell_556x45.uasset" 586
"../../../../../UnrealProject/TecentCourse_2/Content/FPS_Weapon_Bundle/Weapons/Meshes/Ammunition/SM_Shell_556x45_Empty.uasset" 587
"../../../../../UnrealProject/TecentCourse_2/Content/FPS_Weapon_Bundle/Weapons/Meshes/Ammunition/SM_Shell_762x39.uasset" 588
"../../../../../UnrealProject/TecentCourse_2/Content/FPS_Weapon_Bundle/Weapons/Meshes/Ammunition/SM_Shell_762x39_Empty.uasset" 589
"../../../../../UnrealProject/TecentCourse_2/Content/FPS_Weapon_Bundle/Weapons/Meshes/Ammunition/SM_Shell_762x51.uasset" 590
"../../../../../UnrealProject/TecentCourse_2/Content/FPS_Weapon_Bundle/Weapons/Meshes/Ammunition/SM_Shell_762x51_Empty.uasset" 591
"../../../../../UnrealProject/TecentCourse_2/Content/FPS_Weapon_Bundle/Weapons/Textures/Ammunition/T_9mm_ALB.uasset" 592
"../../../../../UnrealProject/TecentCourse_2/Content/FPS_Weapon_Bundle/Weapons/Textures/Ammunition/T_9mm_M_MSK.uasset" 593
"../../../../../UnrealProject/TecentCourse_2/Content/FPS_Weapon_Bundle/Weapons/Textures/Ammunition/T_9mm_NRM.uasset" 594
"../../../../../UnrealProject/TecentCourse_2/Content/FPS_Weapon_Bundle/Weapons/Materials/Ammunition/M_9mm.uasset" 595
"../../../../../UnrealProject/TecentCourse_2/Content/FPS_Weapon_Bundle/Weapons/Meshes/Ammunition/SM_Shell_9mm.uasset" 596
"../../../../../UnrealProject/TecentCourse_2/Content/FPS_Weapon_Bundle/Weapons/Meshes/Ammunition/SM_Shell_9mm_Empty.uasset" 597
"../../../../../UnrealProject/TecentCourse_2/Content/FPS_Weapon_Bundle/Weapons/Textures/Ammunition/T_9x18_ALB.uasset" 598
"../../../../../UnrealProject/TecentCourse_2/Content/FPS_Weapon_Bundle/Weapons/Textures/Ammunition/T_9x18_M_MSK.uasset" 599
"../../../../../UnrealProject/TecentCourse_2/Content/FPS_Weapon_Bundle/Weapons/Textures/Ammunition/T_9x18_NRM.uasset" 600
"../../../../../UnrealProject/TecentCourse_2/Content/FPS_Weapon_Bundle/Weapons/Materials/Ammunition/M_9x18.uasset" 601
"../../../../../UnrealProject/TecentCourse_2/Content/FPS_Weapon_Bundle/Weapons/Meshes/Ammunition/SM_Shell_9x18.uasset" 602
"../../../../../UnrealProject/TecentCourse_2/Content/FPS_Weapon_Bundle/Weapons/Meshes/Ammunition/SM_Shell_9x18_Empty.uasset" 603
"../../../../../UnrealProject/TecentCourse_2/Content/FPS_Weapon_Bundle/Weapons/Meshes/AR4/SK_AR4_Physics.uasset" 604
"../../../../../UnrealProject/TecentCourse_2/Content/FPS_Weapon_Bundle/Weapons/Meshes/AR4/SK_AR4_Skeleton.uasset" 605
"../../../../../UnrealProject/TecentCourse_2/Content/FPS_Weapon_Bundle/Weapons/Meshes/AR4/SK_AR4.uasset" 606
"../../../../../UnrealProject/TecentCourse_2/Content/FPS_Weapon_Bundle/Weapons/Meshes/AR4/SM_AR4_Mag.uasset" 607
"../../../../../UnrealProject/TecentCourse_2/Content/FPS_Weapon_Bundle/Weapons/Meshes/AR4/SM_AR4_Mag_Empty.uasset" 608
"../../../../../UnrealProject/TecentCourse_2/Content/FPS_Weapon_Bundle/Weapons/Meshes/G67_Grenade/SK_G67_X_Physics.uasset" 609
"../../../../../UnrealProject/TecentCourse_2/Content/FPS_Weapon_Bundle/Weapons/Meshes/G67_Grenade/SK_G67_X_Skeleton.uasset" 610
"../../../../../UnrealProject/TecentCourse_2/Content/FPS_Weapon_Bundle/Weapons/Meshes/G67_Grenade/SK_G67_X.uasset" 611
"../../../../../UnrealProject/TecentCourse_2/Content/FPS_Weapon_Bundle/Weapons/Meshes/Ka47/SM_KA47_Mag.uasset" 612
"../../../../../UnrealProject/TecentCourse_2/Content/FPS_Weapon_Bundle/Weapons/Meshes/Ka47/SM_KA47_Mag_Empty.uasset" 613
"../../../../../UnrealProject/TecentCourse_2/Content/FPS_Weapon_Bundle/Weapons/Meshes/KA74U/SK_KA74U_Y_Physics.uasset" 614
"../../../../../UnrealProject/TecentCourse_2/Content/FPS_Weapon_Bundle/Weapons/Meshes/KA74U/SK_KA74U_Y_Skeleton.uasset" 615
"../../../../../UnrealProject/TecentCourse_2/Content/FPS_Weapon_Bundle/Weapons/Meshes/KA74U/SK_KA74U_Y.uasset" 616
"../../../../../UnrealProject/TecentCourse_2/Content/FPS_Weapon_Bundle/Weapons/Meshes/KA74U/SM_KA74U_Mag_Empty_X.uasset" 617
"../../../../../UnrealProject/TecentCourse_2/Content/FPS_Weapon_Bundle/Weapons/Meshes/KA74U/SM_KA74U_Mag_X.uasset" 618
"../../../../../UnrealProject/TecentCourse_2/Content/FPS_Weapon_Bundle/Weapons/Meshes/KA_Val/SK_KA_Val_Y_Physics.uasset" 619
"../../../../../UnrealProject/TecentCourse_2/Content/FPS_Weapon_Bundle/Weapons/Meshes/KA_Val/SK_KA_Val_Y_Skeleton.uasset" 620
"../../../../../UnrealProject/TecentCourse_2/Content/FPS_Weapon_Bundle/Weapons/Meshes/KA_Val/SK_KA_Val_Y.uasset" 621
"../../../../../UnrealProject/TecentCourse_2/Content/FPS_Weapon_Bundle/Weapons/Meshes/KA_Val/SM_KA_Val_MAG_Loaded_Y.uasset" 622
"../../../../../UnrealProject/TecentCourse_2/Content/FPS_Weapon_Bundle/Weapons/Meshes/KA_Val/SM_KA_Val_Mag_Y.uasset" 623
"../../../../../UnrealProject/TecentCourse_2/Content/FPS_Weapon_Bundle/Weapons/Meshes/M9_Knife/SK_M9_Knife_X_Physics.uasset" 624
"../../../../../UnrealProject/TecentCourse_2/Content/FPS_Weapon_Bundle/Weapons/Meshes/M9_Knife/SK_M9_Knife_X_Skeleton.uasset" 625
"../../../../../UnrealProject/TecentCourse_2/Content/FPS_Weapon_Bundle/Weapons/Meshes/M9_Knife/SK_M9_Knife_X.uasset" 626
"../../../../../UnrealProject/TecentCourse_2/Content/FPS_Weapon_Bundle/Weapons/Meshes/SMG11/SK_SMG11_Nostock_Y_Physics.uasset" 627
"../../../../../UnrealProject/TecentCourse_2/Content/FPS_Weapon_Bundle/Weapons/Meshes/SMG11/SK_SMG11_Nostock_Y_Skeleton.uasset" 628
"../../../../../UnrealProject/TecentCourse_2/Content/FPS_Weapon_Bundle/Weapons/Meshes/SMG11/SK_SMG11_Nostock_Y.uasset" 629
"../../../../../UnrealProject/TecentCourse_2/Content/FPS_Weapon_Bundle/Weapons/Meshes/SMG11/SK_SMG11_Y_Physics.uasset" 630
"../../../../../UnrealProject/TecentCourse_2/Content/FPS_Weapon_Bundle/Weapons/Meshes/SMG11/SK_SMG11_Y_Skeleton.uasset" 631
"../../../../../UnrealProject/TecentCourse_2/Content/FPS_Weapon_Bundle/Weapons/Meshes/SMG11/SK_SMG11_Y.uasset" 632
"../../../../../UnrealProject/TecentCourse_2/Content/FPS_Weapon_Bundle/Weapons/Meshes/SMG11/SM_SMG11_Mag_Empty_X.uasset" 633
"../../../../../UnrealProject/TecentCourse_2/Content/FPS_Weapon_Bundle/Weapons/Meshes/SMG11/SM_SMG11_Mag_X.uasset" 634
"../../../../../UnrealProject/TecentCourse_2/Content/FPS_Weapon_Bundle/Maps/Weapons_Showcase.umap" 635
"../../../../../UnrealProject/TecentCourse_2/Content/Frank_Fighting_Set2/Maps/Overview_BuiltData.uasset" 636
"../../../Engine/Content/VREditor/BasicMeshes/T_CleanFloorGrunge_01_D.uasset" 637
"../../../Engine/Content/VREditor/BasicMeshes/M_Floor_01.uasset" 638
"../../../Engine/Content/VREditor/BasicMeshes/SM_Room_01.uasset" 639
"../../../../../UnrealProject/TecentCourse_2/Content/Frank_Fighting_Set2/Maps/Overview.umap" 640
"../../../../../UnrealProject/TecentCourse_2/Content/AI/Enemy_ak.uasset" 641
"../../../../../UnrealProject/TecentCourse_2/Content/AI/BTT_Enemy_SMG_Shoot.uasset" 642
"../../../../../UnrealProject/TecentCourse_2/Content/AI/BT_EnemySMG.uasset" 643
"../../../../../UnrealProject/TecentCourse_2/Content/AI/Enemy_SMG_Controller.uasset" 644
"../../../../../UnrealProject/TecentCourse_2/Content/FPS_Weapon_Bundle/Weapons/Meshes/SMG11/SK_SMG11_X_Physics.uasset" 645
"../../../../../UnrealProject/TecentCourse_2/Content/FPS_Weapon_Bundle/Weapons/Meshes/SMG11/SK_SMG11_X_Skeleton.uasset" 646
"../../../../../UnrealProject/TecentCourse_2/Content/FPS_Weapon_Bundle/Weapons/Meshes/SMG11/SK_SMG11_X.uasset" 647
"../../../../../UnrealProject/TecentCourse_2/Content/AI/Enemy_SMG.uasset" 648
"../../../../../UnrealProject/TecentCourse_2/Content/FPS_Weapon_Bundle/Weapons/Meshes/SMG11/SK_SMG11_Nostock_X_Physics.uasset" 649
"../../../../../UnrealProject/TecentCourse_2/Content/FPS_Weapon_Bundle/Weapons/Meshes/SMG11/SK_SMG11_Nostock_X_Skeleton.uasset" 650
"../../../../../UnrealProject/TecentCourse_2/Content/FPS_Weapon_Bundle/Weapons/Meshes/SMG11/SK_SMG11_Nostock_X.uasset" 651
"../../../../../UnrealProject/TecentCourse_2/Content/BP_SMG.uasset" 652
"../../../../../UnrealProject/TecentCourse_2/Content/MyTecentCourse_2GameMode.uasset" 653
"../../../../../UnrealProject/TecentCourse_2/Content/ThirdPersonCPP/Maps/ThirdPersonExampleMap_BuiltData.uasset" 654
"../../../../../UnrealProject/TecentCourse_2/Content/Geometry/Meshes/TemplateFloor.uasset" 655
"../../../../../UnrealProject/TecentCourse_2/Content/ThirdPerson/Meshes/RampMaterial.uasset" 656
"../../../../../UnrealProject/TecentCourse_2/Content/ThirdPerson/Meshes/Bump_StaticMesh.uasset" 657
"../../../../../UnrealProject/TecentCourse_2/Content/ThirdPerson/Meshes/LeftArm_StaticMesh.uasset" 658
"../../../../../UnrealProject/TecentCourse_2/Content/ThirdPerson/Meshes/Linear_Stair_StaticMesh.uasset" 659
"../../../../../UnrealProject/TecentCourse_2/Content/ThirdPerson/Meshes/Ramp_StaticMesh.uasset" 660
"../../../../../UnrealProject/TecentCourse_2/Content/ThirdPerson/Meshes/RightArm_StaticMesh.uasset" 661
"../../../../../UnrealProject/TecentCourse_2/Content/ThirdPersonCPP/Maps/ThirdPersonExampleMap.umap" 662
"../../../Engine/Content/Maps/Entry_BuiltData.uasset" 663
"../../../Engine/Content/Maps/Entry.umap" 664
