"../../../../../UnrealProject/TecentCourse_2/Content/BP_Lobby.uasset" 0
"../../../../../UnrealProject/TecentCourse_2/Content/AnimStarterPack/UE4_Mannequin/Mesh/UE4_Mannequin_Skeleton.uasset" 1
"../../../../../UnrealProject/TecentCourse_2/Content/AnimStarterPack/Aim_Space_Hip.uasset" 2
"../../../../../UnrealProject/TecentCourse_2/Content/AnimStarterPack/Aim_Space_Ironsights.uasset" 3
"../../../../../UnrealProject/TecentCourse_2/Content/AnimStarterPack/Crouch_to_Stand_Rifle_Hip.uasset" 4
"../../../../../UnrealProject/TecentCourse_2/Content/AnimStarterPack/Crouch_to_Stand_Rifle_Ironsights.uasset" 5
"../../../../../UnrealProject/TecentCourse_2/Content/AnimStarterPack/Crouch_Walk_Bwd_Rifle_Ironsights.uasset" 6
"../../../../../UnrealProject/TecentCourse_2/Content/AnimStarterPack/Crouch_Walk_Lt_Rifle_Ironsights.uasset" 7
"../../../../../UnrealProject/TecentCourse_2/Content/AnimStarterPack/Crouch_Walk_Rt_Rifle_Ironsights.uasset" 8
"../../../../../UnrealProject/TecentCourse_2/Content/AnimStarterPack/Death_1.uasset" 9
"../../../../../UnrealProject/TecentCourse_2/Content/AnimStarterPack/Death_2.uasset" 10
"../../../../../UnrealProject/TecentCourse_2/Content/AnimStarterPack/Death_3.uasset" 11
"../../../../../UnrealProject/TecentCourse_2/Content/AnimStarterPack/Death_Ironsights_1.uasset" 12
"../../../../../UnrealProject/TecentCourse_2/Content/AnimStarterPack/Death_Ironsights_2.uasset" 13
"../../../../../UnrealProject/TecentCourse_2/Content/AnimStarterPack/Equip_Rifle_Standing.uasset" 14
"../../../../../UnrealProject/TecentCourse_2/Content/AnimStarterPack/Fire_Shotgun_Hip.uasset" 15
"../../../../../UnrealProject/TecentCourse_2/Content/AnimStarterPack/Fire_Shotgun_Ironsights.uasset" 16
"../../../../../UnrealProject/TecentCourse_2/Content/AnimStarterPack/Hit_React_4.uasset" 17
"../../../../../UnrealProject/TecentCourse_2/Content/AnimStarterPack/Idle_Pistol.uasset" 18
"../../../../../UnrealProject/TecentCourse_2/Content/AnimStarterPack/Idle_Rifle_Ironsights.uasset" 19
"../../../../../UnrealProject/TecentCourse_2/Content/AnimStarterPack/Jump_From_Stand_Ironsights.uasset" 20
"../../../../../UnrealProject/TecentCourse_2/Content/AnimStarterPack/Prone_Death_1.uasset" 21
"../../../../../UnrealProject/TecentCourse_2/Content/AnimStarterPack/Prone_Death_2.uasset" 22
"../../../../../UnrealProject/TecentCourse_2/Content/AnimStarterPack/Prone_Fire_1.uasset" 23
"../../../../../UnrealProject/TecentCourse_2/Content/AnimStarterPack/Prone_Fire_2.uasset" 24
"../../../../../UnrealProject/TecentCourse_2/Content/AnimStarterPack/Prone_Idle.uasset" 25
"../../../../../UnrealProject/TecentCourse_2/Content/AnimStarterPack/Prone_Reload_Rifle.uasset" 26
"../../../../../UnrealProject/TecentCourse_2/Content/AnimStarterPack/Prone_Reload_Shotgun.uasset" 27
"../../../../../UnrealProject/TecentCourse_2/Content/AnimStarterPack/Prone_To_Stand.uasset" 28
"../../../../../UnrealProject/TecentCourse_2/Content/AnimStarterPack/Reload_Pistol.uasset" 29
"../../../../../UnrealProject/TecentCourse_2/Content/AnimStarterPack/Reload_Rifle_Ironsights.uasset" 30
"../../../../../UnrealProject/TecentCourse_2/Content/AnimStarterPack/Reload_Shotgun_Hip.uasset" 31
"../../../../../UnrealProject/TecentCourse_2/Content/AnimStarterPack/Reload_Shotgun_Ironsights.uasset" 32
"../../../Engine/Content/Animation/DefaultAnimBoneCompressionSettings.uasset" 33
"../../../../../UnrealProject/TecentCourse_2/Content/Mannequin/Character/Mesh/SK_Mannequin_Skeleton.uasset" 34
"../../../../../UnrealProject/TecentCourse_2/Content/AnimStarterPack/SK_Mannequin_Skeleton_Sequence.uasset" 35
"../../../../../UnrealProject/TecentCourse_2/Content/AnimStarterPack/Sprint_Fwd_Rifle.uasset" 36
"../../../../../UnrealProject/TecentCourse_2/Content/AnimStarterPack/Stand_to_Crouch_Rifle_Hip.uasset" 37
"../../../../../UnrealProject/TecentCourse_2/Content/AnimStarterPack/Stand_to_Crouch_Rifle_Ironsights.uasset" 38
"../../../../../UnrealProject/TecentCourse_2/Content/AnimStarterPack/Stand_To_Prone.uasset" 39
"../../../../../UnrealProject/TecentCourse_2/Content/AnimStarterPack/Walk_Bwd_Rifle_Ironsights.uasset" 40
"../../../../../UnrealProject/TecentCourse_2/Content/AnimStarterPack/Walk_Lt_Rifle_Ironsights.uasset" 41
"../../../../../UnrealProject/TecentCourse_2/Content/AnimStarterPack/Walk_Rt_Rifle_Ironsights.uasset" 42
"../../../../../UnrealProject/TecentCourse_2/Content/AnimStarterPack/Anim/Aim_Space_Hip.uasset" 43
"../../../../../UnrealProject/TecentCourse_2/Content/Mannequin/Animations/ThirdPersonJump_End.uasset" 44
"../../../../../UnrealProject/TecentCourse_2/Content/Mannequin/Animations/ThirdPersonJump_Loop.uasset" 45
"../../../../../UnrealProject/TecentCourse_2/Content/Mannequin/Animations/ThirdPersonJump_Start.uasset" 46
"../../../../../UnrealProject/TecentCourse_2/Content/Mannequin/Animations/ThirdPersonIdle.uasset" 47
"../../../../../UnrealProject/TecentCourse_2/Content/Mannequin/Animations/ThirdPersonRun.uasset" 48
"../../../../../UnrealProject/TecentCourse_2/Content/Mannequin/Animations/ThirdPersonWalk.uasset" 49
"../../../../../UnrealProject/TecentCourse_2/Content/Mannequin/Animations/ThirdPerson_IdleRun_2D.uasset" 50
"../../../Engine/Content/EditorBlueprintResources/StandardMacros.uasset" 51
"../../../../../UnrealProject/TecentCourse_2/Content/Mannequin/Animations/ThirdPerson_AnimBP.uasset" 52
"../../../../../UnrealProject/TecentCourse_2/Content/Mannequin/Animations/ThirdPerson_Jump.uasset" 53
"../../../Engine/Content/Functions/Engine_MaterialFunctions02/Utility/BlendAngleCorrectedNormals.uasset" 54
"../../../Engine/Content/Functions/MaterialLayerFunctions/MatLayerBlend_NormalBlend.uasset" 55
"../../../Engine/Content/Functions/MaterialLayerFunctions/MatLayerBlend_Simple.uasset" 56
"../../../../../UnrealProject/TecentCourse_2/Content/Mannequin/Character/Materials/MaterialLayers/T_ML_Rubber_Blue_01_D.uasset" 57
"../../../../../UnrealProject/TecentCourse_2/Content/Mannequin/Character/Materials/MaterialLayers/T_ML_Rubber_Blue_01_N.uasset" 58
"../../../../../UnrealProject/TecentCourse_2/Content/Mannequin/Character/Materials/MaterialLayers/ML_GlossyBlack_Latex_UE4.uasset" 59
"../../../../../UnrealProject/TecentCourse_2/Content/Mannequin/Character/Materials/MaterialLayers/ML_Plastic_Shiny_Beige.uasset" 60
"../../../../../UnrealProject/TecentCourse_2/Content/Mannequin/Character/Textures/UE4_LOGO_CARD.uasset" 61
"../../../../../UnrealProject/TecentCourse_2/Content/Mannequin/Character/Materials/MaterialLayers/ML_Plastic_Shiny_Beige_LOGO.uasset" 62
"../../../../../UnrealProject/TecentCourse_2/Content/Mannequin/Character/Materials/MaterialLayers/T_ML_Aluminum01.uasset" 63
"../../../../../UnrealProject/TecentCourse_2/Content/Mannequin/Character/Materials/MaterialLayers/T_ML_Aluminum01_N.uasset" 64
"../../../../../UnrealProject/TecentCourse_2/Content/Mannequin/Character/Materials/MaterialLayers/ML_SoftMetal_UE4.uasset" 65
"../../../../../UnrealProject/TecentCourse_2/Content/Mannequin/Character/Textures/T_UE4_Mannequin_Mobile_M.uasset" 66
"../../../../../UnrealProject/TecentCourse_2/Content/Mannequin/Character/Textures/T_UE4_Mannequin_Mobile_N.uasset" 67
"../../../../../UnrealProject/TecentCourse_2/Content/Mannequin/Character/Materials/M_UE4Man_Body.uasset" 68
"../../../../../UnrealProject/TecentCourse_2/Content/Mannequin/Character/Textures/UE4Man_Logo_N.uasset" 69
"../../../../../UnrealProject/TecentCourse_2/Content/Mannequin/Character/Materials/M_UE4Man_ChestLogo.uasset" 70
"../../../../../UnrealProject/TecentCourse_2/Content/Mannequin/Character/Mesh/SK_Mannequin.uasset" 71
"../../../../../UnrealProject/TecentCourse_2/Content/Mannequin/Character/Mesh/SK_Mannequin_PhysicsAsset.uasset" 72
"../../../Engine/Content/Animation/DefaultAnimCurveCompressionSettings.uasset" 73
"../../../Engine/Content/Functions/Engine_MaterialFunctions01/Opacity/CameraDepthFade.uasset" 74
"../../../Engine/Content/EngineMaterials/T_Default_Material_Grid_M.uasset" 75
"../../../Engine/Content/EngineMaterials/T_Default_Material_Grid_N.uasset" 76
"../../../Engine/Content/EngineMaterials/WorldGridMaterial.uasset" 77
"../../../Engine/Content/ArtTools/RenderToTexture/Meshes/S_1_Unit_Plane.uasset" 78
"../../../Engine/Content/EngineMaterials/DefaultMaterial.uasset" 79
"../../../Engine/Content/BasicShapes/Cone.uasset" 80
"../../../Engine/Content/BasicShapes/Cube.uasset" 81
"../../../Engine/Content/BasicShapes/Cylinder.uasset" 82
"../../../Engine/Content/BasicShapes/Plane.uasset" 83
"../../../Engine/Content/BasicShapes/Sphere.uasset" 84
"../../../Engine/Content/EditorLandscapeResources/DataLayer.uasset" 85
"../../../Engine/Content/EditorMaterials/MAT_Groups_Toggle.uasset" 86
"../../../Engine/Content/EditorMaterials/MAT_Groups_Visibility.uasset" 87
"../../../Engine/Content/EditorMaterials/PreviewShadowIndicator.uasset" 88
"../../../Engine/Content/EditorMaterials/PreviewShadowIndicatorMaterial.uasset" 89
"../../../Engine/Content/EditorMaterials/MatineeGroups/MAT_ColorTrack.uasset" 90
"../../../Engine/Content/EditorMaterials/MatineeGroups/MAT_Groups_Anim.uasset" 91
"../../../Engine/Content/EditorMaterials/MatineeGroups/MAT_Groups_AudioMaster.uasset" 92
"../../../Engine/Content/EditorMaterials/MatineeGroups/MAT_Groups_Director.uasset" 93
"../../../Engine/Content/EditorMaterials/MatineeGroups/MAT_Groups_Event.uasset" 94
"../../../Engine/Content/EditorMaterials/MatineeGroups/MAT_Groups_Fade.uasset" 95
"../../../Engine/Content/EditorMaterials/MatineeGroups/MAT_Groups_Float.uasset" 96
"../../../Engine/Content/EditorMaterials/MatineeGroups/MAT_Groups_Move.uasset" 97
"../../../Engine/Content/EditorMaterials/MatineeGroups/MAT_Groups_Slomo.uasset" 98
"../../../Engine/Content/EditorMaterials/MatineeGroups/MAT_Groups_Sound.uasset" 99
"../../../Engine/Content/EditorMaterials/MatineeGroups/MAT_Groups_Vector.uasset" 100
"../../../Engine/Content/EditorMaterials/ParticleSystems/PSysThumbnail_NoImage.uasset" 101
"../../../Engine/Content/EditorMaterials/ParticleSystems/PSysThumbnail_OOD.uasset" 102
"../../../Engine/Content/EditorMaterials/Camera/CineMat.uasset" 103
"../../../Engine/Content/EditorMaterials/Camera/MI_CineMat_Rig.uasset" 104
"../../../Engine/Content/EditorMeshes/Camera/SM_CraneRig_Arm.uasset" 105
"../../../Engine/Content/EditorMeshes/Camera/SM_CraneRig_Base.uasset" 106
"../../../Engine/Content/EditorMeshes/Camera/SM_CraneRig_Body.uasset" 107
"../../../Engine/Content/EditorMeshes/Camera/SM_CraneRig_Mount.uasset" 108
"../../../Engine/Content/EditorMeshes/Camera/SM_RailRig_Mount.uasset" 109
"../../../Engine/Content/EditorMeshes/Camera/SM_RailRig_Track.uasset" 110
"../../../Engine/Content/EditorResources/BSPVertex.uasset" 111
"../../../Engine/Content/EditorResources/EmptyActor.uasset" 112
"../../../Engine/Content/EditorResources/S_Actor.uasset" 113
"../../../Engine/Content/EditorResources/S_Note.uasset" 114
"../../../Engine/Content/EditorResources/S_Solver.uasset" 115
"../../../Engine/Content/EditorResources/S_Trigger.uasset" 116
"../../../Engine/Content/EditorResources/LightIcons/S_LightError.uasset" 117
"../../../Engine/Content/EditorResources/SequenceRecorder/Countdown.uasset" 118
"../../../Engine/Content/EditorResources/SequenceRecorder/RecordingIndicator.uasset" 119
"../../../Engine/Content/EditorSounds/Notifications/CompileFailed.uasset" 120
"../../../Engine/Content/EditorSounds/Notifications/CompileFailed_Cue.uasset" 121
"../../../Engine/Content/EditorSounds/Notifications/CompileSuccess.uasset" 122
"../../../Engine/Content/EditorSounds/Notifications/CompileStart_Cue.uasset" 123
"../../../Engine/Content/EditorSounds/Notifications/CompileSuccess_Cue.uasset" 124
"../../../Engine/Content/EngineDamageTypes/DmgTypeBP_Environmental.uasset" 125
"../../../Engine/Content/EngineDebugMaterials/DebugEditorMaterial.uasset" 126
"../../../Engine/Content/EngineDebugMaterials/DebugMeshMaterial.uasset" 127
"../../../Engine/Content/EngineDebugMaterials/M_SimpleUnlitTranslucent.uasset" 128
"../../../Engine/Content/Functions/Engine_MaterialFunctions02/Utility/CameraDirectionVector.uasset" 129
"../../../Engine/Content/EngineDebugMaterials/VolumeToRender.uasset" 130
"../../../Engine/Content/EngineDebugMaterials/M_VolumeRenderSphereTracePP.uasset" 131
"../../../Engine/Content/EngineDebugMaterials/WireframeMaterial.uasset" 132
"../../../Engine/Content/EngineFonts/Faces/DroidSansFallback.uasset" 133
"../../../Engine/Content/EngineFonts/Faces/RobotoBold.uasset" 134
"../../../Engine/Content/EngineFonts/Faces/RobotoBoldItalic.uasset" 135
"../../../Engine/Content/EngineFonts/Faces/RobotoItalic.uasset" 136
"../../../Engine/Content/EngineFonts/Faces/RobotoLight.uasset" 137
"../../../Engine/Content/EngineFonts/Faces/RobotoRegular.uasset" 138
"../../../Engine/Content/EngineFonts/Roboto.uasset" 139
"../../../Engine/Content/EngineMaterials/BaseFlattenDiffuseMap.uasset" 140
"../../../Engine/Content/EngineMaterials/BaseFlattenEmissiveMap.uasset" 141
"../../../Engine/Content/EngineMaterials/BaseFlattenGrayscaleMap.uasset" 142
"../../../Engine/Content/EngineMaterials/BaseFlattenNormalMap.uasset" 143
"../../../Engine/Content/EngineMaterials/BaseFlattenMaterial.uasset" 144
"../../../Engine/Content/EngineMaterials/BlueNoise.uasset" 145
"../../../Engine/Content/EngineMaterials/DefaultBloomKernel.uasset" 146
"../../../Engine/Content/EngineMaterials/DefaultBokeh.uasset" 147
"../../../Engine/Content/EngineMaterials/DefaultDiffuse.uasset" 148
"../../../Engine/Content/EngineMaterials/DefaultDeferredDecalMaterial.uasset" 149
"../../../Engine/Content/EngineMaterials/DefaultLightFunctionMaterial.uasset" 150
"../../../Engine/Content/EngineMaterials/DefaultPhysicalMaterial.uasset" 151
"../../../Engine/Content/Functions/Engine_MaterialFunctions02/Utility/BreakOutFloat2Components.uasset" 152
"../../../Engine/Content/EngineMaterials/DefaultPostProcessMaterial.uasset" 153
"../../../Engine/Content/EngineFonts/RobotoDistanceField.uasset" 154
"../../../Engine/Content/EngineMaterials/DefaultTextMaterialOpaque.uasset" 155
"../../../Engine/Content/EngineMaterials/DefaultWhiteGrid.uasset" 156
"../../../Engine/Content/EngineMaterials/DefaultWhiteGrid_Low.uasset" 157
"../../../Engine/Content/EngineMaterials/EmissiveMeshMaterial.uasset" 158
"../../../Engine/Content/EngineMaterials/GizmoMaterial.uasset" 159
"../../../Engine/Content/EngineMaterials/Good64x64TilingNoiseHighFreq.uasset" 160
"../../../Engine/Content/EngineMaterials/MiniFont.uasset" 161
"../../../Engine/Content/EngineMaterials/InvalidLightmapSettings.uasset" 162
"../../../Engine/Content/EngineMaterials/M_InvalidLightmapSettings.uasset" 163
"../../../Engine/Content/Functions/Engine_MaterialFunctions02/WorldPositionOffset/CameraOffset.uasset" 164
"../../../Engine/Content/EngineMaterials/PhAT_JointLimitMaterial.uasset" 165
"../../../Engine/Content/EngineMaterials/PreintegratedSkinBRDF.uasset" 166
"../../../Engine/Content/EngineMaterials/RemoveSurfaceMaterial.uasset" 167
"../../../Engine/Content/EngineMaterials/WeightMapPlaceholderTexture.uasset" 168
"../../../Engine/Content/EngineResources/WhiteSquareTexture.uasset" 169
"../../../Engine/Content/EngineMaterials/Widget3DPassThrough.uasset" 170
"../../../Engine/Content/EngineMaterials/Widget3DPassThrough_Masked.uasset" 171
"../../../Engine/Content/EngineMaterials/Widget3DPassThrough_Opaque.uasset" 172
"../../../Engine/Content/EngineMaterials/Widget3DPassThrough_Masked_OneSided.uasset" 173
"../../../Engine/Content/EngineMaterials/Widget3DPassThrough_Opaque_OneSided.uasset" 174
"../../../Engine/Content/EngineMaterials/Widget3DPassThrough_Translucent.uasset" 175
"../../../Engine/Content/EngineMaterials/Widget3DPassThrough_Translucent_OneSided.uasset" 176
"../../../Engine/Content/EngineMeshes/Cylinder.uasset" 177
"../../../Engine/Content/EngineMeshes/Sphere.uasset" 178
"../../../Engine/Content/EngineResources/Black.uasset" 179
"../../../Engine/Content/EngineResources/DefaultTexture.uasset" 180
"../../../Engine/Content/EngineResources/DefaultTextureCube.uasset" 181
"../../../Engine/Content/EngineResources/DefaultVolumeTexture2D.uasset" 182
"../../../Engine/Content/EngineResources/DefaultVolumeTexture.uasset" 183
"../../../Engine/Content/EngineResources/GradientTexture0.uasset" 184
"../../../Engine/Content/EngineSounds/Master.uasset" 185
"../../../Engine/Content/Functions/Engine_MaterialFunctions01/Shading/ConvertFromDiffSpec.uasset" 186
"../../../Engine/Content/Functions/Engine_MaterialFunctions01/Shading/PowerToRoughness.uasset" 187
"../../../Engine/Content/Maps/Templates/Thumbnails/Default.uasset" 188
"../../../Engine/Content/Maps/Templates/Thumbnails/TimeOfDay.uasset" 189
"../../../Engine/Content/Maps/Templates/Thumbnails/VR-Basic.uasset" 190
"../../../Engine/Content/MobileResources/T_MobileControls_texture.uasset" 191
"../../../Engine/Content/MobileResources/T_MobileMenu2.uasset" 192
"../../../Engine/Content/MobileResources/HUD/AnalogHat.uasset" 193
"../../../Engine/Content/MobileResources/HUD/VirtualJoystick_Background.uasset" 194
"../../../Engine/Content/MobileResources/HUD/VirtualJoystick_Thumb.uasset" 195
"../../../Engine/Content/MobileResources/HUD/DefaultVirtualJoysticks.uasset" 196
"../../../Engine/Content/MobileResources/HUD/LeftVirtualJoystickOnly.uasset" 197
"../../../Engine/Content/MobileResources/HUD/MobileHUDButton1_off.uasset" 198
"../../../Engine/Content/MobileResources/HUD/MobileHUDButton1_on.uasset" 199
"../../../Engine/Content/MobileResources/HUD/MobileHUDButton2_off.uasset" 200
"../../../Engine/Content/MobileResources/HUD/MobileHUDButton2_on.uasset" 201
"../../../Engine/Content/MobileResources/HUD/MobileHUDButton3.uasset" 202
"../../../Engine/Content/MobileResources/HUD/MobileHUDButtonFire.uasset" 203
"../../../Engine/Content/MobileResources/HUD/MobileHUDDirectionPad.uasset" 204
"../../../Engine/Content/MobileResources/HUD/MobileHUDDirectionPad2.uasset" 205
"../../../Engine/Content/MobileResources/HUD/MobileHUDDirectionPad3.uasset" 206
"../../../Engine/Content/MobileResources/HUD/MobileHUDDirectionStick.uasset" 207
"../../../Engine/Content/MobileResources/HUD/T_Castle_ThumbstickInner.uasset" 208
"../../../Engine/Content/MobileResources/HUD/T_Castle_ThumbstickOutter.uasset" 209
"../../../Engine/Content/Tutorial/ContentIntroCurve.uasset" 210
"../../../Engine/Content/Tutorial/Basics/LevelEditorAttract.uasset" 211
"../../../Engine/Content/VREditor/LaserPointer/VR_LaserPower_01.uasset" 212
"../../../Engine/Content/VREditor/TransformGizmo/TransformGizmoMaterial.uasset" 213
"../../../Engine/Content/VREditor/TransformGizmo/TranslucentTransformGizmoMaterial.uasset" 214
"../../../Engine/Content/VREditor/TransformGizmo/BoundingBoxCorner.uasset" 215
"../../../Engine/Content/VREditor/TransformGizmo/BoundingBoxEdge.uasset" 216
"../../../Engine/Content/VREditor/TransformGizmo/PlaneTranslationHandle.uasset" 217
"../../../Engine/Content/VREditor/TransformGizmo/Main.uasset" 218
"../../../Engine/Content/VREditor/TransformGizmo/Xray.uasset" 219
"../../../Engine/Content/VREditor/TransformGizmo/SM_Sequencer_Key.uasset" 220
"../../../Engine/Content/VREditor/TransformGizmo/SM_Sequencer_Node.uasset" 221
"../../Plugins/2D/Paper2D/Content/PlaceholderTextures/DummySpriteTexture.uasset" 222
"../../Plugins/2D/Paper2D/Content/DummySprite.uasset" 223
"../../Plugins/2D/Paper2D/Content/DefaultPaperTerrainMaterial.uasset" 224
"../../Plugins/2D/Paper2D/Content/DefaultSpriteMaterial.uasset" 225
"../../Plugins/2D/Paper2D/Content/MaskedUnlitSpriteMaterial.uasset" 226
"../../Plugins/2D/Paper2D/Content/OpaqueUnlitSpriteMaterial.uasset" 227
"../../Plugins/FX/Niagara/Content/Enums/ENiagaraBooleanLogicOps.uasset" 228
"../../Plugins/FX/Niagara/Content/Enums/ENiagaraCoordinateSpace.uasset" 229
"../../Plugins/FX/Niagara/Content/Enums/ENiagaraExpansionMode.uasset" 230
"../../Plugins/FX/Niagara/Content/Enums/ENiagaraOrientationAxis.uasset" 231
"../../Plugins/FX/Niagara/Content/Enums/ENiagaraRandomnessMode.uasset" 232
"../../../Engine/Content/Functions/Engine_MaterialFunctions02/Utility/BreakOutFloat4Components.uasset" 233
"../../../Engine/Content/Functions/Engine_MaterialFunctions02/Utility/MakeFloat2.uasset" 234
"../../../Engine/Content/Functions/Engine_MaterialFunctions02/Utility/MakeFloat3.uasset" 235
"../../Plugins/Runtime/Oculus/OculusVR/Content/Materials/OculusMR_ChromaKey.uasset" 236
"../../Plugins/Runtime/Oculus/OculusVR/Content/Materials/OculusMR_ChromaKey_Lit.uasset" 237
"../../Plugins/Runtime/Oculus/OculusVR/Content/Materials/OculusMR_OpaqueColoredMaterial.uasset" 238
"../../Plugins/Runtime/Oculus/OculusVR/Content/Materials/OculusMR_WhiteMaterial.uasset" 239
"../../../../../UnrealProject/TecentCourse_2/Content/LobbyUI.uasset" 240
"../../../../../UnrealProject/TecentCourse_2/Content/Lobby.umap" 241
"../../../../../UnrealProject/TecentCourse_2/Content/AnimStarterPack/Crouch_Idle_Rifle_Hip.uasset" 242
"../../../../../UnrealProject/TecentCourse_2/Content/AnimStarterPack/Crouch_Idle_Rifle_Ironsights.uasset" 243
"../../../../../UnrealProject/TecentCourse_2/Content/AnimStarterPack/Crouch_Walk_Fwd_Rifle_Ironsights.uasset" 244
"../../../../../UnrealProject/TecentCourse_2/Content/AnimStarterPack/Equip_Pistol_Standing.uasset" 245
"../../../../../UnrealProject/TecentCourse_2/Content/AnimStarterPack/Fire_Rifle_Ironsights.uasset" 246
"../../../../../UnrealProject/TecentCourse_2/Content/AnimStarterPack/Hit_React_1.uasset" 247
"../../../../../UnrealProject/TecentCourse_2/Content/AnimStarterPack/Hit_React_2.uasset" 248
"../../../../../UnrealProject/TecentCourse_2/Content/AnimStarterPack/Hit_React_3.uasset" 249
"../../../../../UnrealProject/TecentCourse_2/Content/AnimStarterPack/Idle_Rifle_Hip_Break1.uasset" 250
"../../../../../UnrealProject/TecentCourse_2/Content/AnimStarterPack/Idle_Rifle_Hip_Break2.uasset" 251
"../../../../../UnrealProject/TecentCourse_2/Content/AnimStarterPack/Reload_Rifle_Hip.uasset" 252
"../../../../../UnrealProject/TecentCourse_2/Content/AnimStarterPack/Walk_Fwd_Rifle_Ironsights.uasset" 253
"../../../Engine/Content/EngineSky/C_Sky_Cloud_Color.uasset" 254
"../../../Engine/Content/EngineSky/C_Sky_Horizon_Color.uasset" 255
"../../../Engine/Content/EngineSky/C_Sky_Zenith_Color.uasset" 256
"../../../Engine/Content/EngineSky/T_Sky_Blue.uasset" 257
"../../../Engine/Content/EngineSky/T_Sky_Clouds_M.uasset" 258
"../../../Engine/Content/EngineSky/T_Sky_Stars.uasset" 259
"../../../Engine/Content/EngineSky/M_Sky_Panning_Clouds2.uasset" 260
"../../../Engine/Content/EngineSky/SM_SkySphere.uasset" 261
"../../../Engine/Content/EngineSky/BP_Sky_Sphere.uasset" 262
"../../../Engine/Content/TemplateResources/M_Template_Master.uasset" 263
"../../../Engine/Content/TemplateResources/MI_Template_BaseGray_03_Metal.uasset" 264
"../../../Engine/Content/Functions/MaterialLayerFunctions/MatLayerBlend_AO.uasset" 265
"../../../../../UnrealProject/TecentCourse_2/Content/AnimStarterPack/UE4_Mannequin/Materials/MaterialLayers/T_ML_Rubber_Blue_01_D.uasset" 266
"../../../../../UnrealProject/TecentCourse_2/Content/AnimStarterPack/UE4_Mannequin/Materials/MaterialLayers/T_ML_Rubber_Blue_01_N.uasset" 267
"../../../../../UnrealProject/TecentCourse_2/Content/AnimStarterPack/UE4_Mannequin/Materials/MaterialLayers/ML_GlossyBlack_Latex_UE4.uasset" 268
"../../../../../UnrealProject/TecentCourse_2/Content/AnimStarterPack/UE4_Mannequin/Materials/MaterialLayers/ML_Plastic_Shiny_Beige.uasset" 269
"../../../../../UnrealProject/TecentCourse_2/Content/AnimStarterPack/UE4_Mannequin/Textures/UE4_LOGO_CARD.uasset" 270
"../../../../../UnrealProject/TecentCourse_2/Content/AnimStarterPack/UE4_Mannequin/Materials/MaterialLayers/ML_Plastic_Shiny_Beige_LOGO.uasset" 271
"../../../../../UnrealProject/TecentCourse_2/Content/AnimStarterPack/UE4_Mannequin/Materials/MaterialLayers/T_ML_Aluminum01.uasset" 272
"../../../../../UnrealProject/TecentCourse_2/Content/AnimStarterPack/UE4_Mannequin/Materials/MaterialLayers/T_ML_Aluminum01_N.uasset" 273
"../../../../../UnrealProject/TecentCourse_2/Content/AnimStarterPack/UE4_Mannequin/Materials/MaterialLayers/ML_SoftMetal_UE4.uasset" 274
"../../../../../UnrealProject/TecentCourse_2/Content/AnimStarterPack/UE4_Mannequin/Textures/UE4_Mannequin__normals.uasset" 275
"../../../../../UnrealProject/TecentCourse_2/Content/AnimStarterPack/UE4_Mannequin/Textures/UE4_Mannequin_MAT_MASKA.uasset" 276
"../../../../../UnrealProject/TecentCourse_2/Content/AnimStarterPack/UE4_Mannequin/Textures/UE4_Mannequin_occlusion_Mobile.uasset" 277
"../../../../../UnrealProject/TecentCourse_2/Content/AnimStarterPack/UE4_Mannequin/Materials/M_UE4Man_Body.uasset" 278
"../../../../../UnrealProject/TecentCourse_2/Content/AnimStarterPack/UE4_Mannequin/Textures/UE4Man_Logo_N.uasset" 279
"../../../../../UnrealProject/TecentCourse_2/Content/AnimStarterPack/UE4_Mannequin/Materials/M_UE4Man_ChestLogo.uasset" 280
"../../../../../UnrealProject/TecentCourse_2/Content/AnimStarterPack/UE4_Mannequin/Mesh/SK_Mannequin_PhysicsAsset.uasset" 281
"../../../../../UnrealProject/TecentCourse_2/Content/AnimStarterPack/UE4_Mannequin/Mesh/SK_Mannequin.uasset" 282
"../../../../../UnrealProject/TecentCourse_2/Content/AnimStarterPack/Showcase.umap" 283
"../../../../../UnrealProject/TecentCourse_2/Content/AnimStarterPack/Idle_Rifle_Hip.uasset" 284
"../../../../../UnrealProject/TecentCourse_2/Content/AnimStarterPack/Anim/Aim_Center_UP.uasset" 285
"../../../../../UnrealProject/TecentCourse_2/Content/AnimStarterPack/Anim/Aim_Left_Center.uasset" 286
"../../../../../UnrealProject/TecentCourse_2/Content/AnimStarterPack/Anim/Aim_Left_Down.uasset" 287
"../../../../../UnrealProject/TecentCourse_2/Content/AnimStarterPack/Anim/Aim_Left_Up.uasset" 288
"../../../../../UnrealProject/TecentCourse_2/Content/AnimStarterPack/Anim/Aim_Right_Center.uasset" 289
"../../../../../UnrealProject/TecentCourse_2/Content/AnimStarterPack/Anim/Aim_Right_Down.uasset" 290
"../../../../../UnrealProject/TecentCourse_2/Content/AnimStarterPack/Anim/Aim_Right_Up.uasset" 291
"../../../../../UnrealProject/TecentCourse_2/Content/AnimStarterPack/Anim/Anim_center.uasset" 292
"../../../../../UnrealProject/TecentCourse_2/Content/AnimStarterPack/Anim/Anim_Center_Down.uasset" 293
"../../../../../UnrealProject/TecentCourse_2/Content/AnimStarterPack/UE4_Mannequin/Mesh/UE4_Mannequin_Skeleton_AimOffset2D.uasset" 294
"../../../../../UnrealProject/TecentCourse_2/Content/AnimStarterPack/Fire_Rifle_Hip.uasset" 295
"../../../../../UnrealProject/TecentCourse_2/Content/AnimStarterPack/Jump_From_Jog.uasset" 296
"../../../../../UnrealProject/TecentCourse_2/Content/AnimStarterPack/Jump_From_Stand.uasset" 297
"../../../../../UnrealProject/TecentCourse_2/Content/AnimStarterPack/Crouch_Walk_Bwd_Rifle_Hip.uasset" 298
"../../../../../UnrealProject/TecentCourse_2/Content/AnimStarterPack/Crouch_Walk_Fwd_Rifle_Hip.uasset" 299
"../../../../../UnrealProject/TecentCourse_2/Content/AnimStarterPack/Crouch_Walk_Lt_Rifle_Hip.uasset" 300
"../../../../../UnrealProject/TecentCourse_2/Content/AnimStarterPack/Crouch_Walk_Rt_Rifle_Hip.uasset" 301
"../../../../../UnrealProject/TecentCourse_2/Content/AnimStarterPack/BS_CrouchWalk.uasset" 302
"../../../../../UnrealProject/TecentCourse_2/Content/AnimStarterPack/Jog_Bwd_Rifle.uasset" 303
"../../../../../UnrealProject/TecentCourse_2/Content/AnimStarterPack/Jog_Fwd_Rifle.uasset" 304
"../../../../../UnrealProject/TecentCourse_2/Content/AnimStarterPack/Jog_Lt_Rifle.uasset" 305
"../../../../../UnrealProject/TecentCourse_2/Content/AnimStarterPack/Jog_Rt_Rifle.uasset" 306
"../../../../../UnrealProject/TecentCourse_2/Content/AnimStarterPack/BS_Jog.uasset" 307
"../../../../../UnrealProject/TecentCourse_2/Content/AnimStarterPack/UE4ASP_HeroTPP_AnimBlueprint.uasset" 308
"../../../../../UnrealProject/TecentCourse_2/Content/AnimStarterPack/Ue4ASP_Character.uasset" 309
"../../../../../UnrealProject/TecentCourse_2/Content/Geometry/Meshes/CubeMaterial.uasset" 310
"../../../../../UnrealProject/TecentCourse_2/Content/Geometry/Meshes/1M_Cube_Chamfer.uasset" 311
"../../../../../UnrealProject/TecentCourse_2/Content/BP_TPSProjectile.uasset" 312
"../../../Engine/Content/BasicShapes/BasicShapeMaterial.uasset" 313
"../../../../../UnrealProject/TecentCourse_2/Content/ThirdPerson/Meshes/RampMaterial.uasset" 314
"../../../../../UnrealProject/TecentCourse_2/Content/ThirdPerson/Meshes/LeftArm_StaticMesh.uasset" 315
"../../../../../UnrealProject/TecentCourse_2/Content/WBP_Score.uasset" 316
"../../../../../UnrealProject/TecentCourse_2/Content/ThirdPersonCPP/Blueprints/ThirdPersonCharacter.uasset" 317
"../../../../../UnrealProject/TecentCourse_2/Content/Geometry/Meshes/1M_Cube.uasset" 318
"../../../../../UnrealProject/TecentCourse_2/Content/BP_Target.uasset" 319
"../../../../../UnrealProject/TecentCourse_2/Content/BP_TargetSpawner.uasset" 320
"../../../../../UnrealProject/TecentCourse_2/Content/MyTecentCourse_2GameMode.uasset" 321
"../../../../../UnrealProject/TecentCourse_2/Content/ThirdPersonCPP/Maps/ThirdPersonExampleMap_BuiltData.uasset" 322
"../../../../../UnrealProject/TecentCourse_2/Content/Geometry/Meshes/TemplateFloor.uasset" 323
"../../../../../UnrealProject/TecentCourse_2/Content/ThirdPerson/Meshes/Bump_StaticMesh.uasset" 324
"../../../../../UnrealProject/TecentCourse_2/Content/ThirdPerson/Meshes/Linear_Stair_StaticMesh.uasset" 325
"../../../../../UnrealProject/TecentCourse_2/Content/ThirdPerson/Meshes/Ramp_StaticMesh.uasset" 326
"../../../../../UnrealProject/TecentCourse_2/Content/ThirdPerson/Meshes/RightArm_StaticMesh.uasset" 327
"../../../../../UnrealProject/TecentCourse_2/Content/ThirdPersonCPP/Maps/ThirdPersonExampleMap.umap" 328
"../../../Engine/Content/Maps/Entry_BuiltData.uasset" 329
"../../../Engine/Content/Maps/Entry.umap" 330
